# JRE version: Java(TM) SE Runtime Environment (8.0_73-b02) (build 1.8.0_73-b02)
# Java VM: Java HotSpot(TM) 64-Bit Server VM (25.73-b02 mixed mode windows-amd64 compressed oops)
Heap:
 PSYoungGen      total 272896K, used 76051K [0x000000076b300000, 0x0000000784e00000, 0x00000007c0000000)
  eden space 258560K, 29% used [0x000000076b300000,0x000000076fd44ee8,0x000000077af80000)
  from space 14336K, 0% used [0x000000077af80000,0x000000077af80000,0x000000077bd80000)
  to   space 15360K, 0% used [0x0000000783f00000,0x0000000783f00000,0x0000000784e00000)
 ParOldGen       total 138240K, used 23351K [0x00000006c1800000, 0x00000006c9f00000, 0x000000076b300000)
  object space 138240K, 16% used [0x00000006c1800000,0x00000006c2ecdfd0,0x00000006c9f00000)
 Metaspace       used 40854K, capacity 41280K, committed 41776K, reserved 1085440K
  class space    used 4925K, capacity 5066K, committed 5168K, reserved 1048576K
GC Heap History (10 events):
Event: 2.522 GC heap before
{Heap before GC invocations=5 (full 0):
 PSYoungGen      total 141824K, used 18204K [0x000000076b300000, 0x0000000774800000, 0x00000007c0000000)
  eden space 131072K, 5% used [0x000000076b300000,0x000000076ba49a40,0x0000000773300000)
  from space 10752K, 99% used [0x0000000773d80000,0x00000007747fd610,0x0000000774800000)
  to   space 10752K, 0% used [0x0000000773300000,0x0000000773300000,0x0000000773d80000)
 ParOldGen       total 175104K, used 5833K [0x00000006c1800000, 0x00000006cc300000, 0x000000076b300000)
  object space 175104K, 3% used [0x00000006c1800000,0x00000006c1db2548,0x00000006cc300000)
 Metaspace       used 21034K, capacity 21204K, committed 21296K, reserved 1069056K
  class space    used 2531K, capacity 2579K, committed 2608K, reserved 1048576K
Event: 2.533 GC heap after
Heap after GC invocations=5 (full 0):
 PSYoungGen      total 141824K, used 10743K [0x000000076b300000, 0x000000077cf00000, 0x00000007c0000000)
  eden space 131072K, 0% used [0x000000076b300000,0x000000076b300000,0x0000000773300000)
  from space 10752K, 99% used [0x0000000773300000,0x0000000773d7dd98,0x0000000773d80000)
  to   space 14336K, 0% used [0x000000077c100000,0x000000077c100000,0x000000077cf00000)
 ParOldGen       total 175104K, used 6106K [0x00000006c1800000, 0x00000006cc300000, 0x000000076b300000)
  object space 175104K, 3% used [0x00000006c1800000,0x00000006c1df6978,0x00000006cc300000)
 Metaspace       used 21034K, capacity 21204K, committed 21296K, reserved 1069056K
  class space    used 2531K, capacity 2579K, committed 2608K, reserved 1048576K
}
Event: 2.534 GC heap before
{Heap before GC invocations=6 (full 1):
 PSYoungGen      total 141824K, used 10743K [0x000000076b300000, 0x000000077cf00000, 0x00000007c0000000)
  eden space 131072K, 0% used [0x000000076b300000,0x000000076b300000,0x0000000773300000)
  from space 10752K, 99% used [0x0000000773300000,0x0000000773d7dd98,0x0000000773d80000)
  to   space 14336K, 0% used [0x000000077c100000,0x000000077c100000,0x000000077cf00000)
 ParOldGen       total 175104K, used 6106K [0x00000006c1800000, 0x00000006cc300000, 0x000000076b300000)
  object space 175104K, 3% used [0x00000006c1800000,0x00000006c1df6978,0x00000006cc300000)
 Metaspace       used 21034K, capacity 21204K, committed 21296K, reserved 1069056K
  class space    used 2531K, capacity 2579K, committed 2608K, reserved 1048576K
Event: 2.586 GC heap after
Heap after GC invocations=6 (full 1):
 PSYoungGen      total 141824K, used 0K [0x000000076b300000, 0x000000077cf00000, 0x00000007c0000000)
  eden space 131072K, 0% used [0x000000076b300000,0x000000076b300000,0x0000000773300000)
  from space 10752K, 0% used [0x0000000773300000,0x0000000773300000,0x0000000773d80000)
  to   space 14336K, 0% used [0x000000077c100000,0x000000077c100000,0x000000077cf00000)
 ParOldGen       total 94720K, used 11312K [0x00000006c1800000, 0x00000006c7480000, 0x000000076b300000)
  object space 94720K, 11% used [0x00000006c1800000,0x00000006c230c180,0x00000006c7480000)
 Metaspace       used 21034K, capacity 21204K, committed 21296K, reserved 1069056K
  class space    used 2531K, capacity 2579K, committed 2608K, reserved 1048576K
}
Event: 3.744 GC heap before
{Heap before GC invocations=7 (full 1):
 PSYoungGen      total 141824K, used 131072K [0x000000076b300000, 0x000000077cf00000, 0x00000007c0000000)
  eden space 131072K, 100% used [0x000000076b300000,0x0000000773300000,0x0000000773300000)
  from space 10752K, 0% used [0x0000000773300000,0x0000000773300000,0x0000000773d80000)
  to   space 14336K, 0% used [0x000000077c100000,0x000000077c100000,0x000000077cf00000)
 ParOldGen       total 94720K, used 11312K [0x00000006c1800000, 0x00000006c7480000, 0x000000076b300000)
  object space 94720K, 11% used [0x00000006c1800000,0x00000006c230c180,0x00000006c7480000)
 Metaspace       used 28194K, capacity 28426K, committed 28592K, reserved 1075200K
  class space    used 3410K, capacity 3484K, committed 3504K, reserved 1048576K
Event: 3.754 GC heap after
Heap after GC invocations=7 (full 1):
 PSYoungGen      total 239616K, used 10611K [0x000000076b300000, 0x000000077cb80000, 0x00000007c0000000)
  eden space 228864K, 0% used [0x000000076b300000,0x000000076b300000,0x0000000779280000)
  from space 10752K, 98% used [0x000000077c100000,0x000000077cb5cce8,0x000000077cb80000)
  to   space 14336K, 0% used [0x000000077af80000,0x000000077af80000,0x000000077bd80000)
 ParOldGen       total 94720K, used 11320K [0x00000006c1800000, 0x00000006c7480000, 0x000000076b300000)
  object space 94720K, 11% used [0x00000006c1800000,0x00000006c230e180,0x00000006c7480000)
 Metaspace       used 28194K, capacity 28426K, committed 28592K, reserved 1075200K
  class space    used 3410K, capacity 3484K, committed 3504K, reserved 1048576K
}
Event: 4.709 GC heap before
{Heap before GC invocations=8 (full 1):
 PSYoungGen      total 239616K, used 127081K [0x000000076b300000, 0x000000077cb80000, 0x00000007c0000000)
  eden space 228864K, 50% used [0x000000076b300000,0x00000007724bd930,0x0000000779280000)
  from space 10752K, 98% used [0x000000077c100000,0x000000077cb5cce8,0x000000077cb80000)
  to   space 14336K, 0% used [0x000000077af80000,0x000000077af80000,0x000000077bd80000)
 ParOldGen       total 94720K, used 11320K [0x00000006c1800000, 0x00000006c7480000, 0x000000076b300000)
  object space 94720K, 11% used [0x00000006c1800000,0x00000006c230e180,0x00000006c7480000)
 Metaspace       used 34986K, capacity 35284K, committed 35496K, reserved 1081344K
  class space    used 4277K, capacity 4349K, committed 4400K, reserved 1048576K
Event: 4.725 GC heap after
Heap after GC invocations=8 (full 1):
 PSYoungGen      total 272896K, used 13857K [0x000000076b300000, 0x0000000784e00000, 0x00000007c0000000)
  eden space 258560K, 0% used [0x000000076b300000,0x000000076b300000,0x000000077af80000)
  from space 14336K, 96% used [0x000000077af80000,0x000000077bd08658,0x000000077bd80000)
  to   space 15360K, 0% used [0x0000000783f00000,0x0000000783f00000,0x0000000784e00000)
 ParOldGen       total 94720K, used 11328K [0x00000006c1800000, 0x00000006c7480000, 0x000000076b300000)
  object space 94720K, 11% used [0x00000006c1800000,0x00000006c2310180,0x00000006c7480000)
 Metaspace       used 34986K, capacity 35284K, committed 35496K, reserved 1081344K
  class space    used 4277K, capacity 4349K, committed 4400K, reserved 1048576K
}
Event: 4.726 GC heap before
{Heap before GC invocations=9 (full 2):
 PSYoungGen      total 272896K, used 13857K [0x000000076b300000, 0x0000000784e00000, 0x00000007c0000000)
  eden space 258560K, 0% used [0x000000076b300000,0x000000076b300000,0x000000077af80000)
  from space 14336K, 96% used [0x000000077af80000,0x000000077bd08658,0x000000077bd80000)
  to   space 15360K, 0% used [0x0000000783f00000,0x0000000783f00000,0x0000000784e00000)
 ParOldGen       total 94720K, used 11328K [0x00000006c1800000, 0x00000006c7480000, 0x000000076b300000)
  object space 94720K, 11% used [0x00000006c1800000,0x00000006c2310180,0x00000006c7480000)
 Metaspace       used 34986K, capacity 35284K, committed 35496K, reserved 1081344K
  class space    used 4277K, capacity 4349K, committed 4400K, reserved 1048576K
Event: 4.817 GC heap after
Heap after GC invocations=9 (full 2):
 PSYoungGen      total 272896K, used 0K [0x000000076b300000, 0x0000000784e00000, 0x00000007c0000000)
  eden space 258560K, 0% used [0x000000076b300000,0x000000076b300000,0x000000077af80000)
  from space 14336K, 0% used [0x000000077af80000,0x000000077af80000,0x000000077bd80000)
  to   space 15360K, 0% used [0x0000000783f00000,0x0000000783f00000,0x0000000784e00000)
 ParOldGen       total 138240K, used 23351K [0x00000006c1800000, 0x00000006c9f00000, 0x000000076b300000)
  object space 138240K, 16% used [0x00000006c1800000,0x00000006c2ecdfd0,0x00000006c9f00000)
 Metaspace       used 34986K, capacity 35284K, committed 35496K, reserved 1081344K
  class space    used 4277K, capacity 4349K, committed 4400K, reserved 1048576K
}

