<?xml version="1.0" encoding="UTF-8"?>
<testsuite name="org.thiki.kanban.cardTags.CardTagsControllerTest" tests="2" skipped="0" failures="0" errors="0" timestamp="2017-03-12T11:08:37" hostname="wisdom-HP" time="4.059">
  <properties/>
  <testcase name="stickTags" classname="org.thiki.kanban.cardTags.CardTagsControllerTest" time="3.845"/>
  <testcase name="loadTags" classname="org.thiki.kanban.cardTags.CardTagsControllerTest" time="0.212"/>
  <system-out><![CDATA[19:08:09,482 |-INFO in ch.qos.logback.classic.LoggerContext[default] - Could NOT find resource [logback.groovy]
19:08:09,482 |-INFO in ch.qos.logback.classic.LoggerContext[default] - Could NOT find resource [logback-test.xml]
19:08:09,482 |-INFO in ch.qos.logback.classic.LoggerContext[default] - Found resource [logback.xml] at [file:/home/wisdom/git-project/thiki-kanban-backend/build/resources/main/logback.xml]
19:08:09,663 |-INFO in ch.qos.logback.classic.joran.action.ConfigurationAction - debug attribute not set
19:08:09,701 |-INFO in ch.qos.logback.core.joran.util.ConfigurationWatchListUtil@76064e4a - Adding [jar:file:/home/wisdom/.gradle/caches/modules-2/files-2.1/org.springframework.boot/spring-boot/1.4.2.RELEASE/19ecf2582f58722c08147918982227885f6e31b1/spring-boot-1.4.2.RELEASE.jar!/org/springframework/boot/logging/logback/base.xml] to configuration watch list.
19:08:09,701 |-INFO in ch.qos.logback.core.joran.spi.ConfigurationWatchList@6f3b72bb - URL [jar:file:/home/wisdom/.gradle/caches/modules-2/files-2.1/org.springframework.boot/spring-boot/1.4.2.RELEASE/19ecf2582f58722c08147918982227885f6e31b1/spring-boot-1.4.2.RELEASE.jar!/org/springframework/boot/logging/logback/base.xml] is not of type file
19:08:09,713 |-INFO in ch.qos.logback.core.joran.util.ConfigurationWatchListUtil@76064e4a - Adding [jar:file:/home/wisdom/.gradle/caches/modules-2/files-2.1/org.springframework.boot/spring-boot/1.4.2.RELEASE/19ecf2582f58722c08147918982227885f6e31b1/spring-boot-1.4.2.RELEASE.jar!/org/springframework/boot/logging/logback/defaults.xml] to configuration watch list.
19:08:09,713 |-INFO in ch.qos.logback.core.joran.spi.ConfigurationWatchList@6f3b72bb - URL [jar:file:/home/wisdom/.gradle/caches/modules-2/files-2.1/org.springframework.boot/spring-boot/1.4.2.RELEASE/19ecf2582f58722c08147918982227885f6e31b1/spring-boot-1.4.2.RELEASE.jar!/org/springframework/boot/logging/logback/defaults.xml] is not of type file
19:08:09,720 |-INFO in ch.qos.logback.core.joran.action.ConversionRuleAction - registering conversion word clr with class [org.springframework.boot.logging.logback.ColorConverter]
19:08:09,720 |-INFO in ch.qos.logback.core.joran.action.ConversionRuleAction - registering conversion word wex with class [org.springframework.boot.logging.logback.WhitespaceThrowableProxyConverter]
19:08:09,720 |-INFO in ch.qos.logback.core.joran.action.ConversionRuleAction - registering conversion word wEx with class [org.springframework.boot.logging.logback.ExtendedWhitespaceThrowableProxyConverter]
19:08:09,723 |-INFO in ch.qos.logback.core.joran.action.AppenderAction - About to instantiate appender of type [org.springframework.boot.logging.logback.LevelRemappingAppender]
19:08:09,726 |-INFO in ch.qos.logback.core.joran.action.AppenderAction - Naming appender as [DEBUG_LEVEL_REMAPPER]
19:08:09,902 |-INFO in ch.qos.logback.classic.joran.action.LoggerAction - Setting level of logger [org.apache.catalina.startup.DigesterFactory] to ERROR
19:08:09,902 |-INFO in ch.qos.logback.classic.joran.action.LoggerAction - Setting level of logger [org.apache.catalina.util.LifecycleBase] to ERROR
19:08:09,902 |-INFO in ch.qos.logback.classic.joran.action.LoggerAction - Setting level of logger [org.apache.coyote.http11.Http11NioProtocol] to WARN
19:08:09,902 |-INFO in ch.qos.logback.classic.joran.action.LoggerAction - Setting level of logger [org.apache.sshd.common.util.SecurityUtils] to WARN
19:08:09,902 |-INFO in ch.qos.logback.classic.joran.action.LoggerAction - Setting level of logger [org.apache.tomcat.util.net.NioSelectorPool] to WARN
19:08:09,902 |-INFO in ch.qos.logback.classic.joran.action.LoggerAction - Setting level of logger [org.crsh.plugin] to WARN
19:08:09,902 |-INFO in ch.qos.logback.classic.joran.action.LoggerAction - Setting level of logger [org.crsh.ssh] to WARN
19:08:09,902 |-INFO in ch.qos.logback.classic.joran.action.LoggerAction - Setting level of logger [org.eclipse.jetty.util.component.AbstractLifeCycle] to ERROR
19:08:09,903 |-INFO in ch.qos.logback.classic.joran.action.LoggerAction - Setting level of logger [org.hibernate.validator.internal.util.Version] to WARN
19:08:09,903 |-INFO in ch.qos.logback.classic.joran.action.LoggerAction - Setting level of logger [org.springframework.boot.actuate.autoconfigure.CrshAutoConfiguration] to WARN
19:08:09,903 |-INFO in ch.qos.logback.classic.joran.action.LoggerAction - Setting additivity of logger [org.springframework.boot.actuate.endpoint.jmx] to false
19:08:09,903 |-INFO in ch.qos.logback.core.joran.action.AppenderRefAction - Attaching appender named [DEBUG_LEVEL_REMAPPER] to Logger[org.springframework.boot.actuate.endpoint.jmx]
19:08:09,905 |-INFO in ch.qos.logback.classic.joran.action.LoggerAction - Setting additivity of logger [org.thymeleaf] to false
19:08:09,905 |-INFO in ch.qos.logback.core.joran.action.AppenderRefAction - Attaching appender named [DEBUG_LEVEL_REMAPPER] to Logger[org.thymeleaf]
19:08:09,905 |-INFO in ch.qos.logback.core.joran.util.ConfigurationWatchListUtil@76064e4a - Adding [jar:file:/home/wisdom/.gradle/caches/modules-2/files-2.1/org.springframework.boot/spring-boot/1.4.2.RELEASE/19ecf2582f58722c08147918982227885f6e31b1/spring-boot-1.4.2.RELEASE.jar!/org/springframework/boot/logging/logback/console-appender.xml] to configuration watch list.
19:08:09,905 |-INFO in ch.qos.logback.core.joran.spi.ConfigurationWatchList@6f3b72bb - URL [jar:file:/home/wisdom/.gradle/caches/modules-2/files-2.1/org.springframework.boot/spring-boot/1.4.2.RELEASE/19ecf2582f58722c08147918982227885f6e31b1/spring-boot-1.4.2.RELEASE.jar!/org/springframework/boot/logging/logback/console-appender.xml] is not of type file
19:08:09,907 |-INFO in ch.qos.logback.core.joran.action.AppenderAction - About to instantiate appender of type [ch.qos.logback.core.ConsoleAppender]
19:08:09,913 |-INFO in ch.qos.logback.core.joran.action.AppenderAction - Naming appender as [CONSOLE]
19:08:09,915 |-INFO in ch.qos.logback.core.joran.action.NestedComplexPropertyIA - Assuming default type [ch.qos.logback.classic.encoder.PatternLayoutEncoder] for [encoder] property
19:08:10,018 |-INFO in ch.qos.logback.core.joran.util.ConfigurationWatchListUtil@76064e4a - Adding [jar:file:/home/wisdom/.gradle/caches/modules-2/files-2.1/org.springframework.boot/spring-boot/1.4.2.RELEASE/19ecf2582f58722c08147918982227885f6e31b1/spring-boot-1.4.2.RELEASE.jar!/org/springframework/boot/logging/logback/file-appender.xml] to configuration watch list.
19:08:10,018 |-INFO in ch.qos.logback.core.joran.spi.ConfigurationWatchList@6f3b72bb - URL [jar:file:/home/wisdom/.gradle/caches/modules-2/files-2.1/org.springframework.boot/spring-boot/1.4.2.RELEASE/19ecf2582f58722c08147918982227885f6e31b1/spring-boot-1.4.2.RELEASE.jar!/org/springframework/boot/logging/logback/file-appender.xml] is not of type file
19:08:10,021 |-INFO in ch.qos.logback.core.joran.action.AppenderAction - About to instantiate appender of type [ch.qos.logback.core.rolling.RollingFileAppender]
19:08:10,028 |-INFO in ch.qos.logback.core.joran.action.AppenderAction - Naming appender as [FILE]
19:08:10,029 |-INFO in ch.qos.logback.core.joran.action.NestedComplexPropertyIA - Assuming default type [ch.qos.logback.classic.encoder.PatternLayoutEncoder] for [encoder] property
19:08:10,044 |-INFO in ch.qos.logback.core.rolling.FixedWindowRollingPolicy@6f4aa780 - No compression will be used
19:08:10,053 |-INFO in ch.qos.logback.core.rolling.RollingFileAppender[FILE] - Active log file name: /tmp/spring.log
19:08:10,053 |-INFO in ch.qos.logback.core.rolling.RollingFileAppender[FILE] - File property is set to [/tmp/spring.log]
19:08:10,056 |-INFO in ch.qos.logback.classic.joran.action.RootLoggerAction - Setting level of ROOT logger to INFO
19:08:10,056 |-INFO in ch.qos.logback.core.joran.action.AppenderRefAction - Attaching appender named [CONSOLE] to Logger[ROOT]
19:08:10,056 |-INFO in ch.qos.logback.core.joran.action.AppenderRefAction - Attaching appender named [FILE] to Logger[ROOT]
19:08:10,056 |-INFO in ch.qos.logback.core.joran.action.ConversionRuleAction - registering conversion word tid with class [org.thiki.kanban.foundation.logback.ThreadIdConverter]
19:08:10,056 |-INFO in ch.qos.logback.core.joran.action.AppenderAction - About to instantiate appender of type [ch.qos.logback.core.ConsoleAppender]
19:08:10,056 |-INFO in ch.qos.logback.core.joran.action.AppenderAction - Naming appender as [STDOUT]
19:08:10,057 |-INFO in ch.qos.logback.core.joran.action.NestedComplexPropertyIA - Assuming default type [ch.qos.logback.classic.encoder.PatternLayoutEncoder] for [encoder] property
19:08:10,061 |-INFO in ch.qos.logback.core.joran.action.AppenderAction - About to instantiate appender of type [ch.qos.logback.core.rolling.RollingFileAppender]
19:08:10,061 |-INFO in ch.qos.logback.core.joran.action.AppenderAction - Naming appender as [FILE]
19:08:10,076 |-INFO in c.q.l.core.rolling.TimeBasedRollingPolicy@354489599 - No compression will be used
19:08:10,077 |-INFO in c.q.l.core.rolling.TimeBasedRollingPolicy@354489599 - Will use the pattern logs/kanban.log.%d{yyyy-MM-dd}.%i.log for the active file
19:08:10,083 |-INFO in ch.qos.logback.core.rolling.SizeAndTimeBasedFNATP@51116c0f - The date pattern is 'yyyy-MM-dd' from file name pattern 'logs/kanban.log.%d{yyyy-MM-dd}.%i.log'.
19:08:10,083 |-INFO in ch.qos.logback.core.rolling.SizeAndTimeBasedFNATP@51116c0f - Roll-over at midnight.
19:08:10,088 |-INFO in ch.qos.logback.core.rolling.SizeAndTimeBasedFNATP@51116c0f - Setting initial period to Sun Mar 12 19:08:10 CST 2017
19:08:10,094 |-INFO in ch.qos.logback.core.rolling.RollingFileAppender[FILE] - Active log file name: logs/kanban.log.2017-03-12.0.log
19:08:10,094 |-INFO in ch.qos.logback.core.rolling.RollingFileAppender[FILE] - File property is set to [null]
19:08:10,094 |-INFO in ch.qos.logback.core.joran.action.AppenderAction - About to instantiate appender of type [ch.qos.logback.core.ConsoleAppender]
19:08:10,094 |-INFO in ch.qos.logback.core.joran.action.AppenderAction - Naming appender as [STDOUT]
19:08:10,097 |-WARN in ch.qos.logback.core.ConsoleAppender[STDOUT] - This appender no longer admits a layout as a sub-component, set an encoder instead.
19:08:10,097 |-WARN in ch.qos.logback.core.ConsoleAppender[STDOUT] - To ensure compatibility, wrapping your layout in LayoutWrappingEncoder.
19:08:10,097 |-WARN in ch.qos.logback.core.ConsoleAppender[STDOUT] - See also http://logback.qos.ch/codes.html#layoutInsteadOfEncoder for details
19:08:10,097 |-INFO in ch.qos.logback.core.joran.action.AppenderAction - About to instantiate appender of type [ch.qos.logback.core.FileAppender]
19:08:10,097 |-INFO in ch.qos.logback.core.joran.action.AppenderAction - Naming appender as [PerformanceMonitorFile]
19:08:10,099 |-WARN in ch.qos.logback.core.FileAppender[PerformanceMonitorFile] - This appender no longer admits a layout as a sub-component, set an encoder instead.
19:08:10,099 |-WARN in ch.qos.logback.core.FileAppender[PerformanceMonitorFile] - To ensure compatibility, wrapping your layout in LayoutWrappingEncoder.
19:08:10,099 |-WARN in ch.qos.logback.core.FileAppender[PerformanceMonitorFile] - See also http://logback.qos.ch/codes.html#layoutInsteadOfEncoder for details
19:08:10,101 |-INFO in ch.qos.logback.core.FileAppender[PerformanceMonitorFile] - File property is set to [./logs/kanban-PerformanceMonitor.log]
19:08:10,101 |-INFO in ch.qos.logback.core.joran.action.AppenderAction - About to instantiate appender of type [ch.qos.logback.core.FileAppender]
19:08:10,101 |-INFO in ch.qos.logback.core.joran.action.AppenderAction - Naming appender as [FILE]
19:08:10,102 |-WARN in ch.qos.logback.core.FileAppender[FILE] - This appender no longer admits a layout as a sub-component, set an encoder instead.
19:08:10,102 |-WARN in ch.qos.logback.core.FileAppender[FILE] - To ensure compatibility, wrapping your layout in LayoutWrappingEncoder.
19:08:10,102 |-WARN in ch.qos.logback.core.FileAppender[FILE] - See also http://logback.qos.ch/codes.html#layoutInsteadOfEncoder for details
19:08:10,103 |-INFO in ch.qos.logback.core.FileAppender[FILE] - File property is set to [./logs/druid_info.log]
19:08:10,103 |-INFO in ch.qos.logback.classic.joran.action.LoggerAction - Setting level of logger [org.thiki] to INFO
19:08:10,103 |-INFO in ch.qos.logback.core.joran.action.AppenderRefAction - Attaching appender named [STDOUT] to Logger[org.thiki]
19:08:10,103 |-INFO in ch.qos.logback.core.joran.action.AppenderRefAction - Attaching appender named [FILE] to Logger[org.thiki]
19:08:10,103 |-INFO in ch.qos.logback.classic.joran.action.LoggerAction - Setting level of logger [org.thiki.kanban.foundation.aspect.PerformanceMonitorAspect] to DEBUG
19:08:10,104 |-INFO in ch.qos.logback.classic.joran.action.LoggerAction - Setting additivity of logger [org.thiki.kanban.foundation.aspect.PerformanceMonitorAspect] to false
19:08:10,104 |-INFO in ch.qos.logback.core.joran.action.AppenderRefAction - Attaching appender named [STDOUT] to Logger[org.thiki.kanban.foundation.aspect.PerformanceMonitorAspect]
19:08:10,104 |-INFO in ch.qos.logback.core.joran.action.AppenderRefAction - Attaching appender named [PerformanceMonitorFile] to Logger[org.thiki.kanban.foundation.aspect.PerformanceMonitorAspect]
19:08:10,104 |-INFO in ch.qos.logback.classic.joran.action.JMXConfiguratorAction - begin
19:08:10,179 |-INFO in ch.qos.logback.classic.joran.action.ConfigurationAction - End of configuration.
19:08:10,179 |-INFO in ch.qos.logback.classic.joran.JoranConfigurator@658b723c - Registering current configuration as safe fallback point

2017-03-12 19:08:10.628  INFO   --- [    Test worker] o.s.t.c.support.AbstractContextLoader    : Could not detect default resource locations for test class [org.thiki.kanban.TestBase]: no resource found for suffixes {-context.xml, Context.groovy}.
2017-03-12 19:08:10.992  INFO   --- [    Test worker] WebAppIntegrationTestContextBootstrapper : Loaded default TestExecutionListener class names from location [META-INF/spring.factories]: [org.springframework.test.context.web.ServletTestExecutionListener, org.springframework.test.context.support.DirtiesContextBeforeModesTestExecutionListener, org.springframework.test.context.support.DependencyInjectionTestExecutionListener, org.springframework.test.context.support.DirtiesContextTestExecutionListener, org.springframework.test.context.transaction.TransactionalTestExecutionListener, org.springframework.test.context.jdbc.SqlScriptsTestExecutionListener, org.springframework.boot.test.mock.mockito.MockitoTestExecutionListener, org.springframework.boot.test.mock.mockito.ResetMocksTestExecutionListener, org.springframework.boot.test.autoconfigure.restdocs.RestDocsTestExecutionListener, org.springframework.boot.test.autoconfigure.web.client.MockRestServiceServerResetTestExecutionListener, org.springframework.boot.test.autoconfigure.web.servlet.MockMvcPrintOnlyOnFailureTestExecutionListener, org.springframework.boot.test.autoconfigure.web.servlet.WebDriverTestExecutionListener]
2017-03-12 19:08:11.033  INFO   --- [    Test worker] WebAppIntegrationTestContextBootstrapper : Using TestExecutionListeners: [org.springframework.test.context.web.ServletTestExecutionListener@34f70bbc, org.springframework.test.context.support.DirtiesContextBeforeModesTestExecutionListener@62fe4b8b, org.springframework.test.context.support.DependencyInjectionTestExecutionListener@5e923018, org.springframework.test.context.support.DirtiesContextTestExecutionListener@198dbf0a, org.springframework.test.context.transaction.TransactionalTestExecutionListener@152bfd6c, org.springframework.test.context.jdbc.SqlScriptsTestExecutionListener@5994e51, org.springframework.boot.test.autoconfigure.web.servlet.MockMvcPrintOnlyOnFailureTestExecutionListener@4a44ac0a, org.springframework.boot.test.autoconfigure.web.servlet.WebDriverTestExecutionListener@3e452fa7, org.springframework.boot.test.autoconfigure.web.client.MockRestServiceServerResetTestExecutionListener@74cf659e, org.springframework.boot.test.mock.mockito.MockitoTestExecutionListener@3beb5690, org.springframework.boot.test.mock.mockito.ResetMocksTestExecutionListener@5420891b, org.springframework.boot.test.autoconfigure.restdocs.RestDocsTestExecutionListener@438fbc2f]

  .   ____          _            __ _ _
 /\\ / ___'_ __ _ _(_)_ __  __ _ \ \ \ \
( ( )\___ | '_ | '_| | '_ \/ _` | \ \ \ \
 \\/  ___)| |_)| | | | | || (_| |  ) ) ) )
  '  |____| .__|_| |_|_| |_\__, | / / / /
 =========|_|==============|___/=/_/_/_/
 :: Spring Boot ::        (v1.4.2.RELEASE)

19:08:14.233 [Test worker] INFO  o.t.k.c.CardTagsControllerTest - Starting CardTagsControllerTest on wisdom-HP with PID 6873 (started by wisdom in /home/wisdom/git-project/thiki-kanban-backend)
2017-03-12 19:08:14.233  INFO 6873 --- [    Test worker] o.t.k.cardTags.CardTagsControllerTest    : Starting CardTagsControllerTest on wisdom-HP with PID 6873 (started by wisdom in /home/wisdom/git-project/thiki-kanban-backend)
19:08:14.317 [Test worker] INFO  o.t.k.c.CardTagsControllerTest - The following profiles are active: local-test
2017-03-12 19:08:14.317  INFO 6873 --- [    Test worker] o.t.k.cardTags.CardTagsControllerTest    : The following profiles are active: local-test
2017-03-12 19:08:16.379  INFO 6873 --- [    Test worker] ationConfigEmbeddedWebApplicationContext : Refreshing org.springframework.boot.context.embedded.AnnotationConfigEmbeddedWebApplicationContext@7318809a: startup date [Sun Mar 12 19:08:16 CST 2017]; root of context hierarchy
2017-03-12 19:08:18.899  WARN 6873 --- [    Test worker] o.m.s.mapper.ClassPathMapperScanner      : Skipping MapperFactoryBean with name 'acceptanceCriteriaPersistence' and 'org.thiki.kanban.acceptanceCriteria.AcceptanceCriteriaPersistence' mapperInterface. Bean already defined with the same name!
2017-03-12 19:08:18.900  WARN 6873 --- [    Test worker] o.m.s.mapper.ClassPathMapperScanner      : Skipping MapperFactoryBean with name 'activityPersistence' and 'org.thiki.kanban.activity.ActivityPersistence' mapperInterface. Bean already defined with the same name!
2017-03-12 19:08:18.900  WARN 6873 --- [    Test worker] o.m.s.mapper.ClassPathMapperScanner      : Skipping MapperFactoryBean with name 'assignmentPersistence' and 'org.thiki.kanban.assignment.AssignmentPersistence' mapperInterface. Bean already defined with the same name!
2017-03-12 19:08:18.901  WARN 6873 --- [    Test worker] o.m.s.mapper.ClassPathMapperScanner      : Skipping MapperFactoryBean with name 'boardsPersistence' and 'org.thiki.kanban.board.BoardsPersistence' mapperInterface. Bean already defined with the same name!
2017-03-12 19:08:18.901  WARN 6873 --- [    Test worker] o.m.s.mapper.ClassPathMapperScanner      : Skipping MapperFactoryBean with name 'cardsPersistence' and 'org.thiki.kanban.card.CardsPersistence' mapperInterface. Bean already defined with the same name!
2017-03-12 19:08:18.902  WARN 6873 --- [    Test worker] o.m.s.mapper.ClassPathMapperScanner      : Skipping MapperFactoryBean with name 'cardTagPersistence' and 'org.thiki.kanban.cardTags.CardTagPersistence' mapperInterface. Bean already defined with the same name!
2017-03-12 19:08:18.902  WARN 6873 --- [    Test worker] o.m.s.mapper.ClassPathMapperScanner      : Skipping MapperFactoryBean with name 'commentPersistence' and 'org.thiki.kanban.comment.CommentPersistence' mapperInterface. Bean already defined with the same name!
2017-03-12 19:08:18.902  WARN 6873 --- [    Test worker] o.m.s.mapper.ClassPathMapperScanner      : Skipping MapperFactoryBean with name 'domain' and 'org.thiki.kanban.foundation.annotations.Domain' mapperInterface. Bean already defined with the same name!
2017-03-12 19:08:18.903  WARN 6873 --- [    Test worker] o.m.s.mapper.ClassPathMapperScanner      : Skipping MapperFactoryBean with name 'scenario' and 'org.thiki.kanban.foundation.annotations.Scenario' mapperInterface. Bean already defined with the same name!
2017-03-12 19:08:18.903  WARN 6873 --- [    Test worker] o.m.s.mapper.ClassPathMapperScanner      : Skipping MapperFactoryBean with name 'validateParams' and 'org.thiki.kanban.foundation.aspect.ValidateParams' mapperInterface. Bean already defined with the same name!
2017-03-12 19:08:18.903  WARN 6873 --- [    Test worker] o.m.s.mapper.ClassPathMapperScanner      : Skipping MapperFactoryBean with name 'authentication' and 'org.thiki.kanban.foundation.security.authentication.Authentication' mapperInterface. Bean already defined with the same name!
2017-03-12 19:08:18.904  WARN 6873 --- [    Test worker] o.m.s.mapper.ClassPathMapperScanner      : Skipping MapperFactoryBean with name 'notificationPersistence' and 'org.thiki.kanban.notification.NotificationPersistence' mapperInterface. Bean already defined with the same name!
2017-03-12 19:08:18.904  WARN 6873 --- [    Test worker] o.m.s.mapper.ClassPathMapperScanner      : Skipping MapperFactoryBean with name 'pagesPersistence' and 'org.thiki.kanban.page.PagesPersistence' mapperInterface. Bean already defined with the same name!
2017-03-12 19:08:18.904  WARN 6873 --- [    Test worker] o.m.s.mapper.ClassPathMapperScanner      : Skipping MapperFactoryBean with name 'passwordPersistence' and 'org.thiki.kanban.password.password.PasswordPersistence' mapperInterface. Bean already defined with the same name!
2017-03-12 19:08:18.905  WARN 6873 --- [    Test worker] o.m.s.mapper.ClassPathMapperScanner      : Skipping MapperFactoryBean with name 'invitationPersistence' and 'org.thiki.kanban.projects.invitation.InvitationPersistence' mapperInterface. Bean already defined with the same name!
2017-03-12 19:08:18.905  WARN 6873 --- [    Test worker] o.m.s.mapper.ClassPathMapperScanner      : Skipping MapperFactoryBean with name 'membersPersistence' and 'org.thiki.kanban.projects.members.MembersPersistence' mapperInterface. Bean already defined with the same name!
2017-03-12 19:08:18.905  WARN 6873 --- [    Test worker] o.m.s.mapper.ClassPathMapperScanner      : Skipping MapperFactoryBean with name 'projectsPersistence' and 'org.thiki.kanban.projects.project.ProjectsPersistence' mapperInterface. Bean already defined with the same name!
2017-03-12 19:08:18.906  WARN 6873 --- [    Test worker] o.m.s.mapper.ClassPathMapperScanner      : Skipping MapperFactoryBean with name 'riskPersistence' and 'org.thiki.kanban.risk.RiskPersistence' mapperInterface. Bean already defined with the same name!
2017-03-12 19:08:18.906  WARN 6873 --- [    Test worker] o.m.s.mapper.ClassPathMapperScanner      : Skipping MapperFactoryBean with name 'sprintPersistence' and 'org.thiki.kanban.sprint.SprintPersistence' mapperInterface. Bean already defined with the same name!
2017-03-12 19:08:18.906  WARN 6873 --- [    Test worker] o.m.s.mapper.ClassPathMapperScanner      : Skipping MapperFactoryBean with name 'stagesPersistence' and 'org.thiki.kanban.stage.StagesPersistence' mapperInterface. Bean already defined with the same name!
2017-03-12 19:08:18.907  WARN 6873 --- [    Test worker] o.m.s.mapper.ClassPathMapperScanner      : Skipping MapperFactoryBean with name 'tagPersistence' and 'org.thiki.kanban.tag.TagPersistence' mapperInterface. Bean already defined with the same name!
2017-03-12 19:08:18.907  WARN 6873 --- [    Test worker] o.m.s.mapper.ClassPathMapperScanner      : Skipping MapperFactoryBean with name 'usersPersistence' and 'org.thiki.kanban.user.UsersPersistence' mapperInterface. Bean already defined with the same name!
2017-03-12 19:08:18.907  WARN 6873 --- [    Test worker] o.m.s.mapper.ClassPathMapperScanner      : Skipping MapperFactoryBean with name 'registrationPersistence' and 'org.thiki.kanban.user.registration.RegistrationPersistence' mapperInterface. Bean already defined with the same name!
2017-03-12 19:08:18.908  WARN 6873 --- [    Test worker] o.m.s.mapper.ClassPathMapperScanner      : Skipping MapperFactoryBean with name 'verificationPersistence' and 'org.thiki.kanban.verification.VerificationPersistence' mapperInterface. Bean already defined with the same name!
2017-03-12 19:08:18.908  WARN 6873 --- [    Test worker] o.m.s.mapper.ClassPathMapperScanner      : No MyBatis mapper was found in '[org.thiki]' package. Please check your configuration.
2017-03-12 19:08:18.920  INFO 6873 --- [    Test worker] o.s.b.f.s.DefaultListableBeanFactory     : Overriding bean definition for bean 'mailService' with a different definition: replacing [Generic bean: class [org.thiki.kanban.foundation.mail.MailService]; scope=singleton; abstract=false; lazyInit=false; autowireMode=0; dependencyCheck=0; autowireCandidate=true; primary=false; factoryBeanName=null; factoryMethodName=null; initMethodName=null; destroyMethodName=null; defined in file [/home/wisdom/git-project/thiki-kanban-backend/build/classes/main/org/thiki/kanban/foundation/mail/MailService.class]] with [Root bean: class [null]; scope=; abstract=false; lazyInit=false; autowireMode=3; dependencyCheck=0; autowireCandidate=true; primary=false; factoryBeanName=testContextConfiguration; factoryMethodName=mailService; initMethodName=null; destroyMethodName=(inferred); defined in org.thiki.kanban.TestContextConfiguration]
2017-03-12 19:08:19.380  INFO 6873 --- [    Test worker] o.s.b.f.s.DefaultListableBeanFactory     : Overriding bean definition for bean 'managementServletContext' with a different definition: replacing [Root bean: class [null]; scope=; abstract=false; lazyInit=false; autowireMode=3; dependencyCheck=0; autowireCandidate=true; primary=false; factoryBeanName=org.springframework.boot.actuate.autoconfigure.EndpointWebMvcHypermediaManagementContextConfiguration; factoryMethodName=managementServletContext; initMethodName=null; destroyMethodName=(inferred); defined in class path resource [org/springframework/boot/actuate/autoconfigure/EndpointWebMvcHypermediaManagementContextConfiguration.class]] with [Root bean: class [null]; scope=; abstract=false; lazyInit=false; autowireMode=3; dependencyCheck=0; autowireCandidate=true; primary=false; factoryBeanName=org.springframework.boot.actuate.autoconfigure.EndpointWebMvcAutoConfiguration; factoryMethodName=managementServletContext; initMethodName=null; destroyMethodName=(inferred); defined in class path resource [org/springframework/boot/actuate/autoconfigure/EndpointWebMvcAutoConfiguration.class]]
2017-03-12 19:08:19.495  INFO 6873 --- [    Test worker] .s.d.r.c.RepositoryConfigurationDelegate : Multiple Spring Data modules found, entering strict repository configuration mode!
2017-03-12 19:08:20.922  INFO 6873 --- [    Test worker] trationDelegate$BeanPostProcessorChecker : Bean 'org.springframework.transaction.annotation.ProxyTransactionManagementConfiguration' of type [class org.springframework.transaction.annotation.ProxyTransactionManagementConfiguration$$EnhancerBySpringCGLIB$$6042e002] is not eligible for getting processed by all BeanPostProcessors (for example: not eligible for auto-proxying)
2017-03-12 19:08:22.766  INFO 6873 --- [    Test worker] s.b.c.e.t.TomcatEmbeddedServletContainer : Tomcat initialized with port(s): 9120 (http)
2017-03-12 19:08:22.798  INFO 6873 --- [    Test worker] o.apache.catalina.core.StandardService   : Starting service Tomcat
2017-03-12 19:08:22.800  INFO 6873 --- [    Test worker] org.apache.catalina.core.StandardEngine  : Starting Servlet Engine: Apache Tomcat/8.5.6
2017-03-12 19:08:22.983  INFO 6873 --- [ost-startStop-1] o.a.c.c.C.[.[localhost].[/kanban]        : Initializing Spring embedded WebApplicationContext
2017-03-12 19:08:22.984  INFO 6873 --- [ost-startStop-1] o.s.web.context.ContextLoader            : Root WebApplicationContext: initialization completed in 6606 ms
2017-03-12 19:08:23.128  INFO 6873 --- [ost-startStop-1] o.s.j.d.DriverManagerDataSource          : Loaded JDBC driver: org.hsqldb.jdbcDriver
2017-03-12 19:08:26.313  WARN 6873 --- [ost-startStop-1] c.n.c.sources.URLConfigurationSource     : No URLs will be polled as dynamic configuration sources.
2017-03-12 19:08:26.313  INFO 6873 --- [ost-startStop-1] c.n.c.sources.URLConfigurationSource     : To enable URLs as dynamic configuration sources, define System property archaius.configurationSource.additionalUrls or make config.properties available on classpath.
2017-03-12 19:08:26.335  INFO 6873 --- [ost-startStop-1] c.netflix.config.DynamicPropertyFactory  : DynamicPropertyFactory is initialized with configuration sources: com.netflix.config.ConcurrentCompositeConfiguration@6e13d7fc
2017-03-12 19:08:26.709  INFO 6873 --- [ost-startStop-1] o.s.b.w.servlet.FilterRegistrationBean   : Mapping filter: 'CORSFilter' to: [/*]
2017-03-12 19:08:26.710  INFO 6873 --- [ost-startStop-1] o.s.b.w.servlet.FilterRegistrationBean   : Mapping filter: 'metricsFilter' to: [/*]
2017-03-12 19:08:26.711  INFO 6873 --- [ost-startStop-1] o.s.b.w.servlet.FilterRegistrationBean   : Mapping filter: 'characterEncodingFilter' to: [/*]
2017-03-12 19:08:26.712  INFO 6873 --- [ost-startStop-1] o.s.b.w.servlet.FilterRegistrationBean   : Mapping filter: 'hiddenHttpMethodFilter' to: [/*]
2017-03-12 19:08:26.713  INFO 6873 --- [ost-startStop-1] o.s.b.w.servlet.FilterRegistrationBean   : Mapping filter: 'httpPutFormContentFilter' to: [/*]
2017-03-12 19:08:26.714  INFO 6873 --- [ost-startStop-1] o.s.b.w.servlet.FilterRegistrationBean   : Mapping filter: 'requestContextFilter' to: [/*]
2017-03-12 19:08:26.714  INFO 6873 --- [ost-startStop-1] o.s.b.w.servlet.FilterRegistrationBean   : Mapping filter: 'webRequestLoggingFilter' to: [/*]
2017-03-12 19:08:26.715  INFO 6873 --- [ost-startStop-1] o.s.b.c.embedded.FilterRegistrationBean  : Mapping filter: 'webStatFilter' to urls: [/*]
2017-03-12 19:08:26.716  INFO 6873 --- [ost-startStop-1] o.s.b.w.servlet.FilterRegistrationBean   : Mapping filter: 'applicationContextIdFilter' to: [/*]
2017-03-12 19:08:26.716  INFO 6873 --- [ost-startStop-1] o.s.b.w.servlet.ServletRegistrationBean  : Mapping servlet: 'dispatcherServlet' to [/]
2017-03-12 19:08:26.720  INFO 6873 --- [ost-startStop-1] o.s.b.w.servlet.ServletRegistrationBean  : Mapping servlet: 'zuulServlet' to [/zuul/*]
2017-03-12 19:08:26.759  INFO 6873 --- [ost-startStop-1] o.s.c.n.zuul.ZuulFilterInitializer       : Starting filter initializer context listener
2017-03-12 19:08:29.326  INFO 6873 --- [    Test worker] o.a.c.c.C.[.[localhost].[/kanban]        : jolokia: No access restrictor found, access to any MBean is allowed
2017-03-12 19:08:30.007  INFO 6873 --- [    Test worker] s.w.s.m.m.a.RequestMappingHandlerAdapter : Looking for @ControllerAdvice: org.springframework.boot.context.embedded.AnnotationConfigEmbeddedWebApplicationContext@7318809a: startup date [Sun Mar 12 19:08:16 CST 2017]; root of context hierarchy
2017-03-12 19:08:30.028  INFO 6873 --- [    Test worker] s.w.s.m.m.a.RequestMappingHandlerAdapter : Detected ResponseBodyAdvice bean in org.springframework.boot.actuate.autoconfigure.EndpointWebMvcHypermediaManagementContextConfiguration$ActuatorEndpointLinksAdvice
2017-03-12 19:08:30.336  INFO 6873 --- [    Test worker] s.w.s.m.m.a.RequestMappingHandlerMapping : Mapped "{[/boards/{boardId}/stages/{stageId}/cards/{cardId}/acceptanceCriterias/{acceptanceCriteriaId}],methods=[PUT]}" onto public org.springframework.http.HttpEntity org.thiki.kanban.acceptanceCriteria.AcceptanceCriteriaController.updateAcceptCriteria(org.thiki.kanban.acceptanceCriteria.AcceptanceCriteria,java.lang.String,java.lang.String,java.lang.String,java.lang.String,java.lang.String) throws java.lang.Exception
2017-03-12 19:08:30.337  INFO 6873 --- [    Test worker] s.w.s.m.m.a.RequestMappingHandlerMapping : Mapped "{[/boards/{boardId}/stages/{stageId}/cards/{cardId}/acceptanceCriterias/{acceptanceCriteriaId}],methods=[GET]}" onto public org.springframework.http.HttpEntity org.thiki.kanban.acceptanceCriteria.AcceptanceCriteriaController.findById(java.lang.String,java.lang.String,java.lang.String,java.lang.String,java.lang.String) throws java.lang.Exception
2017-03-12 19:08:30.338  INFO 6873 --- [    Test worker] s.w.s.m.m.a.RequestMappingHandlerMapping : Mapped "{[/boards/{boardId}/stages/{stageId}/cards/{cardId}/acceptanceCriterias/{acceptanceCriteriaId}],methods=[DELETE]}" onto public org.springframework.http.HttpEntity org.thiki.kanban.acceptanceCriteria.AcceptanceCriteriaController.removeAcceptanceCriteria(java.lang.String,java.lang.String,java.lang.String,java.lang.String,java.lang.String) throws java.lang.Exception
2017-03-12 19:08:30.339  INFO 6873 --- [    Test worker] s.w.s.m.m.a.RequestMappingHandlerMapping : Mapped "{[/boards/{boardId}/stages/{stageId}/cards/{cardId}/acceptanceCriterias],methods=[GET]}" onto public org.springframework.http.HttpEntity org.thiki.kanban.acceptanceCriteria.AcceptanceCriteriaController.loadAcceptanceCriteriasByCardId(java.lang.String,java.lang.String,java.lang.String,java.lang.String) throws java.lang.Exception
2017-03-12 19:08:30.339  INFO 6873 --- [    Test worker] s.w.s.m.m.a.RequestMappingHandlerMapping : Mapped "{[/boards/{boardId}/stages/{stageId}/cards/{cardId}/acceptanceCriterias/sortNumbers],methods=[PUT]}" onto public org.springframework.http.HttpEntity org.thiki.kanban.acceptanceCriteria.AcceptanceCriteriaController.resortAcceptCriterias(java.util.List<org.thiki.kanban.acceptanceCriteria.AcceptanceCriteria>,java.lang.String,java.lang.String,java.lang.String,java.lang.String) throws java.lang.Exception
2017-03-12 19:08:30.340  INFO 6873 --- [    Test worker] s.w.s.m.m.a.RequestMappingHandlerMapping : Mapped "{[/boards/{boardId}/stages/{stageId}/cards/{cardId}/acceptanceCriterias],methods=[POST]}" onto public org.springframework.http.HttpEntity org.thiki.kanban.acceptanceCriteria.AcceptanceCriteriaController.create(org.thiki.kanban.acceptanceCriteria.AcceptanceCriteria,java.lang.String,java.lang.String,java.lang.String,java.lang.String) throws java.lang.Exception
2017-03-12 19:08:30.341  INFO 6873 --- [    Test worker] s.w.s.m.m.a.RequestMappingHandlerMapping : Mapped "{[/boards/{boardId}/stages/{stageId}/cards/{cardId}/assignments],methods=[GET]}" onto public org.springframework.http.HttpEntity org.thiki.kanban.assignment.AssignmentController.findByCardId(java.lang.String,java.lang.String,java.lang.String,java.lang.String) throws java.lang.Exception
2017-03-12 19:08:30.342  INFO 6873 --- [    Test worker] s.w.s.m.m.a.RequestMappingHandlerMapping : Mapped "{[/boards/{boardId}/stages/{stageId}/cards/{cardId}/assignments],methods=[POST]}" onto public org.springframework.http.HttpEntity org.thiki.kanban.assignment.AssignmentController.create(java.util.List<org.thiki.kanban.assignment.Assignment>,java.lang.String,java.lang.String,java.lang.String,java.lang.String) throws java.lang.Exception
2017-03-12 19:08:30.343  INFO 6873 --- [    Test worker] s.w.s.m.m.a.RequestMappingHandlerMapping : Mapped "{[/{userName}/projects/{projectId}/boards/{boardId}],methods=[DELETE]}" onto public org.springframework.http.HttpEntity org.thiki.kanban.board.BoardsController.deleteById(java.lang.String,java.lang.String,java.lang.String) throws java.lang.Exception
2017-03-12 19:08:30.344  INFO 6873 --- [    Test worker] s.w.s.m.m.a.RequestMappingHandlerMapping : Mapped "{[/{userName}/projects/{projectId}/boards],methods=[GET]}" onto public org.springframework.http.HttpEntity org.thiki.kanban.board.BoardsController.loadByProject(java.lang.String,java.lang.String) throws java.lang.Exception
2017-03-12 19:08:30.344  INFO 6873 --- [    Test worker] s.w.s.m.m.a.RequestMappingHandlerMapping : Mapped "{[/{userName}/projects/{projectId}/boards/{boardId}],methods=[GET]}" onto public org.springframework.http.HttpEntity org.thiki.kanban.board.BoardsController.findById(java.lang.String,java.lang.String,java.lang.String) throws java.lang.Exception
2017-03-12 19:08:30.345  INFO 6873 --- [    Test worker] s.w.s.m.m.a.RequestMappingHandlerMapping : Mapped "{[/{userName}/projects/{projectId}/boards/{boardId}],methods=[PUT]}" onto public org.springframework.http.HttpEntity org.thiki.kanban.board.BoardsController.update(org.thiki.kanban.board.Board,java.lang.String,java.lang.String,java.lang.String) throws java.lang.Exception
2017-03-12 19:08:30.346  INFO 6873 --- [    Test worker] s.w.s.m.m.a.RequestMappingHandlerMapping : Mapped "{[/{userName}/projects/{projectId}/boards],methods=[POST]}" onto public org.springframework.http.HttpEntity org.thiki.kanban.board.BoardsController.create(org.thiki.kanban.board.Board,java.lang.String,java.lang.String) throws java.lang.Exception
2017-03-12 19:08:30.347  INFO 6873 --- [    Test worker] s.w.s.m.m.a.RequestMappingHandlerMapping : Mapped "{[/{userName}/projects/{projectId}/boards/{boardId}/snapshot],methods=[GET]}" onto public org.springframework.http.HttpEntity org.thiki.kanban.board.snapshot.BoardsSnapshotController.load(java.lang.String,java.lang.String,java.lang.String,java.lang.String) throws java.lang.Exception
2017-03-12 19:08:30.353  INFO 6873 --- [    Test worker] s.w.s.m.m.a.RequestMappingHandlerMapping : Mapped "{[/boards/{boardId}/stages/{stageId}/cards/sortNumbers],methods=[PUT]}" onto public org.springframework.http.HttpEntity org.thiki.kanban.card.CardsController.resortCards(java.util.List<org.thiki.kanban.card.Card>,java.lang.String,java.lang.String,java.lang.String) throws java.lang.Exception
2017-03-12 19:08:30.354  INFO 6873 --- [    Test worker] s.w.s.m.m.a.RequestMappingHandlerMapping : Mapped "{[/boards/{boardId}/stages/{stageId}/cards/{cardId}],methods=[DELETE]}" onto public org.springframework.http.HttpEntity org.thiki.kanban.card.CardsController.deleteById(java.lang.String,java.lang.String,java.lang.String,java.lang.String) throws java.lang.Exception
2017-03-12 19:08:30.354  INFO 6873 --- [    Test worker] s.w.s.m.m.a.RequestMappingHandlerMapping : Mapped "{[/boards/{boardId}/stages/{stageId}/cards],methods=[GET]}" onto public org.springframework.http.HttpEntity org.thiki.kanban.card.CardsController.findByStageId(java.lang.String,java.lang.String,java.lang.String) throws java.lang.Exception
2017-03-12 19:08:30.355  INFO 6873 --- [    Test worker] s.w.s.m.m.a.RequestMappingHandlerMapping : Mapped "{[/boards/{boardId}/stages/{stageId}/cards/{cardId}],methods=[GET]}" onto public org.springframework.http.HttpEntity org.thiki.kanban.card.CardsController.findById(java.lang.String,java.lang.String,java.lang.String,java.lang.String) throws java.lang.Exception
2017-03-12 19:08:30.355  INFO 6873 --- [    Test worker] s.w.s.m.m.a.RequestMappingHandlerMapping : Mapped "{[/boards/{boardId}/stages/{stageId}/cards/{cardId}],methods=[PUT]}" onto public org.springframework.http.HttpEntity org.thiki.kanban.card.CardsController.update(org.thiki.kanban.card.Card,java.lang.String,java.lang.String,java.lang.String,java.lang.String) throws java.lang.Exception
2017-03-12 19:08:30.355  INFO 6873 --- [    Test worker] s.w.s.m.m.a.RequestMappingHandlerMapping : Mapped "{[/boards/{boardId}/cards],methods=[POST]}" onto public org.springframework.http.HttpEntity org.thiki.kanban.card.CardsController.create(org.thiki.kanban.card.Card,java.lang.String,java.lang.String) throws java.lang.Exception
2017-03-12 19:08:30.356  INFO 6873 --- [    Test worker] s.w.s.m.m.a.RequestMappingHandlerMapping : Mapped "{[/boards/{boardId}/stages/{stageId}/cards/{cardId}/tags],methods=[GET]}" onto public org.springframework.http.HttpEntity org.thiki.kanban.cardTags.CardTagsController.loadTags(java.lang.String,java.lang.String,java.lang.String,java.lang.String) throws java.lang.Exception
2017-03-12 19:08:30.357  INFO 6873 --- [    Test worker] s.w.s.m.m.a.RequestMappingHandlerMapping : Mapped "{[/boards/{boardId}/stages/{stageId}/cards/{cardId}/tags],methods=[POST]}" onto public org.springframework.http.HttpEntity org.thiki.kanban.cardTags.CardTagsController.stick(java.util.List<org.thiki.kanban.cardTags.CardTag>,java.lang.String,java.lang.String,java.lang.String,java.lang.String) throws java.lang.Exception
2017-03-12 19:08:30.358  INFO 6873 --- [    Test worker] s.w.s.m.m.a.RequestMappingHandlerMapping : Mapped "{[/boards/{boardId}/stages/{stageId}/cards/{cardId}/comments],methods=[GET]}" onto public org.springframework.http.HttpEntity org.thiki.kanban.comment.CommentController.loadCommentsByCardId(java.lang.String,java.lang.String,java.lang.String,java.lang.String) throws java.lang.Exception
2017-03-12 19:08:30.359  INFO 6873 --- [    Test worker] s.w.s.m.m.a.RequestMappingHandlerMapping : Mapped "{[/boards/{boardId}/stages/{stageId}/cards/{cardId}/comments/{commentId}],methods=[DELETE]}" onto public org.springframework.http.HttpEntity org.thiki.kanban.comment.CommentController.removeComment(java.lang.String,java.lang.String,java.lang.String,java.lang.String,java.lang.String) throws java.lang.Exception
2017-03-12 19:08:30.359  INFO 6873 --- [    Test worker] s.w.s.m.m.a.RequestMappingHandlerMapping : Mapped "{[/boards/{boardId}/stages/{stageId}/cards/{cardId}/comments/{commentId}],methods=[GET]}" onto public org.springframework.http.HttpEntity org.thiki.kanban.comment.CommentController.findById(java.lang.String,java.lang.String,java.lang.String,java.lang.String,java.lang.String) throws java.lang.Exception
2017-03-12 19:08:30.360  INFO 6873 --- [    Test worker] s.w.s.m.m.a.RequestMappingHandlerMapping : Mapped "{[/boards/{boardId}/stages/{stageId}/cards/{cardId}/comments],methods=[POST]}" onto public org.springframework.http.HttpEntity org.thiki.kanban.comment.CommentController.create(org.thiki.kanban.comment.Comment,java.lang.String,java.lang.String,java.lang.String,java.lang.String) throws java.lang.Exception
2017-03-12 19:08:30.361  INFO 6873 --- [    Test worker] s.w.s.m.m.a.RequestMappingHandlerMapping : Mapped "{[/entrance],methods=[GET]}" onto public org.springframework.http.HttpEntity org.thiki.kanban.entrance.EntranceController.enter() throws java.lang.Exception
2017-03-12 19:08:30.363  INFO 6873 --- [    Test worker] s.w.s.m.m.a.RequestMappingHandlerMapping : Mapped "{[/error/401]}" onto public org.springframework.http.ResponseEntity<java.util.Map<java.lang.String, java.lang.Object>> org.thiki.kanban.foundation.exception.ExceptionController.error401(javax.servlet.http.HttpServletRequest)
2017-03-12 19:08:30.364  INFO 6873 --- [    Test worker] s.w.s.m.m.a.RequestMappingHandlerMapping : Mapped "{[/error/404]}" onto public org.springframework.http.ResponseEntity<java.util.Map<java.lang.String, java.lang.Object>> org.thiki.kanban.foundation.exception.ExceptionController.error404(javax.servlet.http.HttpServletRequest)
2017-03-12 19:08:30.365  INFO 6873 --- [    Test worker] s.w.s.m.m.a.RequestMappingHandlerMapping : Mapped "{[/error/businessException]}" onto public org.springframework.http.ResponseEntity<java.util.Map<java.lang.String, java.lang.Object>> org.thiki.kanban.foundation.exception.ExceptionController.businessException(javax.servlet.http.HttpServletRequest)
2017-03-12 19:08:30.365  INFO 6873 --- [    Test worker] s.w.s.m.m.a.RequestMappingHandlerMapping : Mapped "{[/error/invalidParamsException]}" onto public org.springframework.http.ResponseEntity<java.util.Map<java.lang.String, java.lang.Object>> org.thiki.kanban.foundation.exception.ExceptionController.illegalArgumentException(javax.servlet.http.HttpServletRequest)
2017-03-12 19:08:30.366  INFO 6873 --- [    Test worker] s.w.s.m.m.a.RequestMappingHandlerMapping : Mapped "{[/error/500]}" onto public org.springframework.http.ResponseEntity<java.util.Map<java.lang.String, java.lang.Object>> org.thiki.kanban.foundation.exception.ExceptionController.error500(javax.servlet.http.HttpServletRequest)
2017-03-12 19:08:30.367  INFO 6873 --- [    Test worker] s.w.s.m.m.a.RequestMappingHandlerMapping : Mapped "{[/login],methods=[GET]}" onto public org.springframework.http.HttpEntity org.thiki.kanban.login.LoginController.login(java.lang.String,java.lang.String) throws java.lang.Exception
2017-03-12 19:08:30.368  INFO 6873 --- [    Test worker] s.w.s.m.m.a.RequestMappingHandlerMapping : Mapped "{[/{userName}/notifications],methods=[GET]}" onto public org.springframework.http.HttpEntity org.thiki.kanban.notification.NotificationController.loadNotifications(java.lang.String) throws java.lang.Exception
2017-03-12 19:08:30.368  INFO 6873 --- [    Test worker] s.w.s.m.m.a.RequestMappingHandlerMapping : Mapped "{[/{userName}/notifications/{id}],methods=[GET]}" onto public org.springframework.http.HttpEntity org.thiki.kanban.notification.NotificationController.loadNotificationById(java.lang.String,java.lang.String) throws java.lang.Exception
2017-03-12 19:08:30.369  INFO 6873 --- [    Test worker] s.w.s.m.m.a.RequestMappingHandlerMapping : Mapped "{[/{userName}/notifications/unread/total],methods=[GET]}" onto public org.springframework.http.HttpEntity org.thiki.kanban.notification.NotificationController.loadUnreadNotificationsTotal(java.lang.String) throws java.lang.Exception
2017-03-12 19:08:30.372  INFO 6873 --- [    Test worker] s.w.s.m.m.a.RequestMappingHandlerMapping : Mapped "{[/projects/{projectId}/boards/{boardId}/pages/{pageId}],methods=[PUT]}" onto public org.springframework.http.HttpEntity org.thiki.kanban.page.PagesController.modify(org.thiki.kanban.page.Page,java.lang.String,java.lang.String,java.lang.String,java.lang.String) throws java.lang.Exception
2017-03-12 19:08:30.373  INFO 6873 --- [    Test worker] s.w.s.m.m.a.RequestMappingHandlerMapping : Mapped "{[/projects/{projectId}/boards/{boardId}/pages],methods=[GET]}" onto public org.springframework.http.HttpEntity org.thiki.kanban.page.PagesController.findByBoard(java.lang.String,java.lang.String,java.lang.String) throws java.lang.Exception
2017-03-12 19:08:30.373  INFO 6873 --- [    Test worker] s.w.s.m.m.a.RequestMappingHandlerMapping : Mapped "{[/projects/{projectId}/boards/{boardId}/pages/{pageId}],methods=[GET]}" onto public org.springframework.http.HttpEntity org.thiki.kanban.page.PagesController.findById(java.lang.String,java.lang.String,java.lang.String,java.lang.String) throws java.lang.Exception
2017-03-12 19:08:30.374  INFO 6873 --- [    Test worker] s.w.s.m.m.a.RequestMappingHandlerMapping : Mapped "{[/projects/{projectId}/boards/{boardId}/pages/{pageId}],methods=[DELETE]}" onto public org.springframework.http.HttpEntity org.thiki.kanban.page.PagesController.removePage(java.lang.String,java.lang.String,java.lang.String,java.lang.String) throws java.lang.Exception
2017-03-12 19:08:30.374  INFO 6873 --- [    Test worker] s.w.s.m.m.a.RequestMappingHandlerMapping : Mapped "{[/projects/{projectId}/boards/{boardId}/pages],methods=[POST]}" onto public org.springframework.http.HttpEntity org.thiki.kanban.page.PagesController.create(org.thiki.kanban.page.Page,java.lang.String,java.lang.String,java.lang.String) throws java.lang.Exception
2017-03-12 19:08:30.375  INFO 6873 --- [    Test worker] s.w.s.m.m.a.RequestMappingHandlerMapping : Mapped "{[/{userName}/password],methods=[PUT]}" onto public org.springframework.http.HttpEntity org.thiki.kanban.password.PasswordController.password(org.thiki.kanban.password.passwordReset.PasswordReset,java.lang.String) throws java.lang.Exception
2017-03-12 19:08:30.376  INFO 6873 --- [    Test worker] s.w.s.m.m.a.RequestMappingHandlerMapping : Mapped "{[/passwordRetrievalApplication],methods=[POST]}" onto public org.springframework.http.HttpEntity org.thiki.kanban.password.PasswordController.passwordRetrievalApply(org.thiki.kanban.password.passwordRetrieval.PasswordRetrievalApplication) throws java.lang.Exception
2017-03-12 19:08:30.376  INFO 6873 --- [    Test worker] s.w.s.m.m.a.RequestMappingHandlerMapping : Mapped "{[/{userName}/passwordResetApplication],methods=[POST]}" onto public org.springframework.http.HttpEntity org.thiki.kanban.password.PasswordController.passwordRetrieval(org.thiki.kanban.password.passwordReset.PasswordResetApplication,java.lang.String) throws java.lang.Exception
2017-03-12 19:08:30.377  INFO 6873 --- [    Test worker] s.w.s.m.m.a.RequestMappingHandlerMapping : Mapped "{[/projects/{projectId}/members/invitation],methods=[POST]}" onto public org.springframework.http.HttpEntity org.thiki.kanban.projects.invitation.InvitationController.invite(org.thiki.kanban.projects.invitation.Invitation,java.lang.String,java.lang.String) throws java.lang.Exception
2017-03-12 19:08:30.378  INFO 6873 --- [    Test worker] s.w.s.m.m.a.RequestMappingHandlerMapping : Mapped "{[/projects/{projectId}/members/invitation/{invitationId}],methods=[PUT]}" onto public org.springframework.http.HttpEntity org.thiki.kanban.projects.invitation.InvitationController.acceptInvitation(java.lang.String,java.lang.String,java.lang.String) throws java.lang.Exception
2017-03-12 19:08:30.378  INFO 6873 --- [    Test worker] s.w.s.m.m.a.RequestMappingHandlerMapping : Mapped "{[/projects/{projectId}/members/invitation/{invitationId}],methods=[GET]}" onto public org.springframework.http.HttpEntity org.thiki.kanban.projects.invitation.InvitationController.loadInvitationById(java.lang.String,java.lang.String,java.lang.String) throws java.lang.Exception
2017-03-12 19:08:30.379  INFO 6873 --- [    Test worker] s.w.s.m.m.a.RequestMappingHandlerMapping : Mapped "{[/projects/{projectId}/members/{userName}],methods=[GET]}" onto public org.springframework.http.HttpEntity org.thiki.kanban.projects.members.MembersController.getMember(java.lang.String,java.lang.String) throws java.lang.Exception
2017-03-12 19:08:30.379  INFO 6873 --- [    Test worker] s.w.s.m.m.a.RequestMappingHandlerMapping : Mapped "{[/projects/{projectId}/members],methods=[GET]}" onto public org.springframework.http.HttpEntity org.thiki.kanban.projects.members.MembersController.loadMembersByProjectId(java.lang.String,java.lang.String) throws java.lang.Exception
2017-03-12 19:08:30.380  INFO 6873 --- [    Test worker] s.w.s.m.m.a.RequestMappingHandlerMapping : Mapped "{[/projects/{projectId}/members],methods=[POST]}" onto public org.springframework.http.HttpEntity org.thiki.kanban.projects.members.MembersController.joinTeam(org.thiki.kanban.projects.members.Member,java.lang.String,java.lang.String) throws java.lang.Exception
2017-03-12 19:08:30.380  INFO 6873 --- [    Test worker] s.w.s.m.m.a.RequestMappingHandlerMapping : Mapped "{[/projects/{projectId}/members/{memberName}],methods=[DELETE]}" onto public org.springframework.http.HttpEntity org.thiki.kanban.projects.members.MembersController.leaveTeam(java.lang.String,java.lang.String,java.lang.String) throws java.lang.Exception
2017-03-12 19:08:30.381  INFO 6873 --- [    Test worker] s.w.s.m.m.a.RequestMappingHandlerMapping : Mapped "{[/projects/{id}],methods=[GET]}" onto public org.springframework.http.HttpEntity org.thiki.kanban.projects.project.ProjectsController.findById(java.lang.String,java.lang.String) throws java.lang.Exception
2017-03-12 19:08:30.382  INFO 6873 --- [    Test worker] s.w.s.m.m.a.RequestMappingHandlerMapping : Mapped "{[/{userName}/projects],methods=[GET]}" onto public org.springframework.http.HttpEntity org.thiki.kanban.projects.project.ProjectsController.findByUserName(java.lang.String) throws java.lang.Exception
2017-03-12 19:08:30.382  INFO 6873 --- [    Test worker] s.w.s.m.m.a.RequestMappingHandlerMapping : Mapped "{[/projects/{projectId}],methods=[PUT]}" onto public org.springframework.http.HttpEntity org.thiki.kanban.projects.project.ProjectsController.updateTeam(org.thiki.kanban.projects.project.Project,java.lang.String,java.lang.String) throws java.lang.Exception
2017-03-12 19:08:30.382  INFO 6873 --- [    Test worker] s.w.s.m.m.a.RequestMappingHandlerMapping : Mapped "{[/{userName}/projects],methods=[POST]}" onto public org.springframework.http.HttpEntity org.thiki.kanban.projects.project.ProjectsController.create(org.thiki.kanban.projects.project.Project,java.lang.String) throws java.lang.Exception
2017-03-12 19:08:30.383  INFO 6873 --- [    Test worker] s.w.s.m.m.a.RequestMappingHandlerMapping : Mapped "{[/publicKey],methods=[GET]}" onto public org.springframework.http.HttpEntity org.thiki.kanban.publickey.PublicKeyController.identify() throws java.lang.Exception
2017-03-12 19:08:30.384  INFO 6873 --- [    Test worker] s.w.s.m.m.a.RequestMappingHandlerMapping : Mapped "{[/boards/{boardId}/stages/{stageId}/cards/{cardId}/risks/{riskId}],methods=[GET]}" onto public org.springframework.http.HttpEntity org.thiki.kanban.risk.RiskController.findById(java.lang.String,java.lang.String,java.lang.String,java.lang.String,java.lang.String) throws java.lang.Exception
2017-03-12 19:08:30.384  INFO 6873 --- [    Test worker] s.w.s.m.m.a.RequestMappingHandlerMapping : Mapped "{[/boards/{boardId}/stages/{stageId}/cards/{cardId}/risks],methods=[POST]}" onto public org.springframework.http.HttpEntity org.thiki.kanban.risk.RiskController.create(org.thiki.kanban.risk.Risk,java.lang.String,java.lang.String,java.lang.String,java.lang.String) throws java.lang.Exception
2017-03-12 19:08:30.385  INFO 6873 --- [    Test worker] s.w.s.m.m.a.RequestMappingHandlerMapping : Mapped "{[/projects/{projectId}/boards/{boardId}/sprints],methods=[POST]}" onto public org.springframework.http.HttpEntity org.thiki.kanban.sprint.SprintController.createSprint(org.thiki.kanban.sprint.Sprint,java.lang.String,java.lang.String,java.lang.String) throws java.lang.Exception
2017-03-12 19:08:30.386  INFO 6873 --- [    Test worker] s.w.s.m.m.a.RequestMappingHandlerMapping : Mapped "{[/projects/{projectId}/boards/{boardId}/sprints/activeSprint],methods=[GET]}" onto public org.springframework.http.HttpEntity org.thiki.kanban.sprint.SprintController.loadActiveSprint(java.lang.String,java.lang.String,java.lang.String) throws java.lang.Exception
2017-03-12 19:08:30.386  INFO 6873 --- [    Test worker] s.w.s.m.m.a.RequestMappingHandlerMapping : Mapped "{[/projects/{projectId}/boards/{boardId}/sprints/{id}],methods=[GET]}" onto public org.springframework.http.HttpEntity org.thiki.kanban.sprint.SprintController.findById(java.lang.String,java.lang.String,java.lang.String,java.lang.String) throws java.lang.Exception
2017-03-12 19:08:30.386  INFO 6873 --- [    Test worker] s.w.s.m.m.a.RequestMappingHandlerMapping : Mapped "{[/projects/{projectId}/boards/{boardId}/sprints/{sprintId}],methods=[PUT]}" onto public org.springframework.http.HttpEntity org.thiki.kanban.sprint.SprintController.updateSprint(org.thiki.kanban.sprint.Sprint,java.lang.String,java.lang.String,java.lang.String,java.lang.String) throws java.lang.Exception
2017-03-12 19:08:30.387  INFO 6873 --- [    Test worker] s.w.s.m.m.a.RequestMappingHandlerMapping : Mapped "{[/boards/{boardId}/stages/{id}],methods=[DELETE]}" onto public org.springframework.http.HttpEntity org.thiki.kanban.stage.StagesController.deleteById(java.lang.String,java.lang.String,java.lang.String) throws java.lang.Exception
2017-03-12 19:08:30.388  INFO 6873 --- [    Test worker] s.w.s.m.m.a.RequestMappingHandlerMapping : Mapped "{[/boards/{boardId}/stages/sortNumbers],methods=[PUT]}" onto public org.springframework.http.HttpEntity org.thiki.kanban.stage.StagesController.resort(java.util.List<org.thiki.kanban.stage.Stage>,java.lang.String,java.lang.String) throws java.lang.Exception
2017-03-12 19:08:30.388  INFO 6873 --- [    Test worker] s.w.s.m.m.a.RequestMappingHandlerMapping : Mapped "{[/boards/{boardId}/stages/{id}],methods=[GET]}" onto public org.springframework.http.HttpEntity org.thiki.kanban.stage.StagesController.findById(java.lang.String,java.lang.String,java.lang.String) throws java.lang.Exception
2017-03-12 19:08:30.389  INFO 6873 --- [    Test worker] s.w.s.m.m.a.RequestMappingHandlerMapping : Mapped "{[/boards/{boardId}/stages],methods=[GET]}" onto public org.springframework.http.HttpEntity org.thiki.kanban.stage.StagesController.loadAll(java.lang.String,java.lang.String,java.lang.String) throws java.lang.Exception
2017-03-12 19:08:30.389  INFO 6873 --- [    Test worker] s.w.s.m.m.a.RequestMappingHandlerMapping : Mapped "{[/boards/{boardId}/stages/{stageId}],methods=[PUT]}" onto public org.springframework.http.HttpEntity<org.thiki.kanban.stage.StageResource> org.thiki.kanban.stage.StagesController.update(org.thiki.kanban.stage.Stage,java.lang.String,java.lang.String,java.lang.String) throws java.lang.Exception
2017-03-12 19:08:30.390  INFO 6873 --- [    Test worker] s.w.s.m.m.a.RequestMappingHandlerMapping : Mapped "{[/boards/{boardId}/stages],methods=[POST]}" onto public org.springframework.http.HttpEntity org.thiki.kanban.stage.StagesController.create(org.thiki.kanban.stage.Stage,java.lang.String,java.lang.String) throws java.lang.Exception
2017-03-12 19:08:30.391  INFO 6873 --- [    Test worker] s.w.s.m.m.a.RequestMappingHandlerMapping : Mapped "{[/boards/{boardId}/tags],methods=[GET]}" onto public org.springframework.http.HttpEntity org.thiki.kanban.tag.TagsController.loadTagsByBoard(java.lang.String,java.lang.String) throws java.io.IOException
2017-03-12 19:08:30.391  INFO 6873 --- [    Test worker] s.w.s.m.m.a.RequestMappingHandlerMapping : Mapped "{[/boards/{boardId}/tags/{tagId}],methods=[GET]}" onto public org.springframework.http.HttpEntity org.thiki.kanban.tag.TagsController.findById(java.lang.String,java.lang.String,java.lang.String) throws java.io.IOException
2017-03-12 19:08:30.392  INFO 6873 --- [    Test worker] s.w.s.m.m.a.RequestMappingHandlerMapping : Mapped "{[/boards/{boardId}/tags/clone],methods=[POST]}" onto public org.springframework.http.HttpEntity org.thiki.kanban.tag.TagsController.cloneTagsFromOtherBoard(java.lang.String,java.lang.String,java.lang.String) throws java.io.IOException
2017-03-12 19:08:30.392  INFO 6873 --- [    Test worker] s.w.s.m.m.a.RequestMappingHandlerMapping : Mapped "{[/boards/{boardId}/tags/{tagId}],methods=[DELETE]}" onto public org.springframework.http.HttpEntity org.thiki.kanban.tag.TagsController.deleteTag(java.lang.String,java.lang.String,java.lang.String) throws java.io.IOException
2017-03-12 19:08:30.393  INFO 6873 --- [    Test worker] s.w.s.m.m.a.RequestMappingHandlerMapping : Mapped "{[/boards/{boardId}/tags/{tagId}],methods=[PUT]}" onto public org.springframework.http.HttpEntity org.thiki.kanban.tag.TagsController.update(org.thiki.kanban.tag.Tag,java.lang.String,java.lang.String,java.lang.String) throws java.lang.Exception
2017-03-12 19:08:30.393  INFO 6873 --- [    Test worker] s.w.s.m.m.a.RequestMappingHandlerMapping : Mapped "{[/boards/{boardId}/tags],methods=[POST]}" onto public org.springframework.http.HttpEntity org.thiki.kanban.tag.TagsController.create(org.thiki.kanban.tag.Tag,java.lang.String,java.lang.String) throws java.io.IOException
2017-03-12 19:08:30.394  INFO 6873 --- [    Test worker] s.w.s.m.m.a.RequestMappingHandlerMapping : Mapped "{[/users/{user}/avatar],methods=[GET]}" onto public void org.thiki.kanban.user.UsersController.loadAvatar(java.lang.String,javax.servlet.http.HttpServletResponse) throws java.io.IOException
2017-03-12 19:08:30.394  INFO 6873 --- [    Test worker] s.w.s.m.m.a.RequestMappingHandlerMapping : Mapped "{[/users/{user}/profile],methods=[GET]}" onto public org.springframework.http.HttpEntity org.thiki.kanban.user.UsersController.loadProfile(java.lang.String) throws java.lang.Exception
2017-03-12 19:08:30.395  INFO 6873 --- [    Test worker] s.w.s.m.m.a.RequestMappingHandlerMapping : Mapped "{[/users/{userName}/avatar],methods=[POST]}" onto public org.springframework.http.HttpEntity org.thiki.kanban.user.UsersController.uploadAvatar(java.lang.String,java.lang.Object) throws java.lang.Exception
2017-03-12 19:08:30.395  INFO 6873 --- [    Test worker] s.w.s.m.m.a.RequestMappingHandlerMapping : Mapped "{[/users/{userName}/profile],methods=[PUT]}" onto public org.springframework.http.HttpEntity org.thiki.kanban.user.UsersController.updateProfile(org.thiki.kanban.user.Profile,java.lang.String) throws java.lang.Exception
2017-03-12 19:08:30.396  INFO 6873 --- [    Test worker] s.w.s.m.m.a.RequestMappingHandlerMapping : Mapped "{[/registration],methods=[POST]}" onto public org.springframework.http.HttpEntity org.thiki.kanban.user.registration.RegistrationController.registerNewUser(org.thiki.kanban.user.registration.Registration) throws java.lang.Exception
2017-03-12 19:08:30.397  INFO 6873 --- [    Test worker] s.w.s.m.m.a.RequestMappingHandlerMapping : Mapped "{[/boards/{boardId}/stages/{stageId}/cards/{cardId}/acceptanceCriterias/{acceptanceCriteriaId}/verifications],methods=[GET]}" onto public org.springframework.http.HttpEntity org.thiki.kanban.verification.VerificationController.loadVerificationsByAcceptanceCriterias(java.lang.String,java.lang.String,java.lang.String,java.lang.String,java.lang.String) throws java.lang.Exception
2017-03-12 19:08:30.398  INFO 6873 --- [    Test worker] s.w.s.m.m.a.RequestMappingHandlerMapping : Mapped "{[/boards/{boardId}/stages/{stageId}/cards/{cardId}/acceptanceCriterias/{acceptanceCriteriaId}/verifications],methods=[POST]}" onto public org.springframework.http.HttpEntity org.thiki.kanban.verification.VerificationController.create(org.thiki.kanban.verification.Verification,java.lang.String,java.lang.String,java.lang.String,java.lang.String,java.lang.String) throws java.lang.Exception
2017-03-12 19:08:30.398  INFO 6873 --- [    Test worker] s.w.s.m.m.a.RequestMappingHandlerMapping : Mapped "{[/{userName}/projects/{projectId}/worktileTasks],methods=[POST]}" onto public org.springframework.http.HttpEntity org.thiki.kanban.worktile.WorktileController.importTasks(java.lang.String,java.lang.String,java.lang.Object) throws java.lang.Exception
2017-03-12 19:08:30.482  INFO 6873 --- [    Test worker] o.s.w.s.handler.SimpleUrlHandlerMapping  : Root mapping to handler of type [class org.springframework.web.servlet.mvc.ParameterizableViewController]
2017-03-12 19:08:30.515  WARN 6873 --- [    Test worker] o.s.w.s.r.ResourceHttpRequestHandler     : Locations list is empty. No resources will be served unless a custom ResourceResolver is configured as an alternative to PathResourceResolver.
2017-03-12 19:08:30.516  WARN 6873 --- [    Test worker] o.s.w.s.r.ResourceHttpRequestHandler     : Locations list is empty. No resources will be served unless a custom ResourceResolver is configured as an alternative to PathResourceResolver.
2017-03-12 19:08:30.518  INFO 6873 --- [    Test worker] o.s.w.s.handler.SimpleUrlHandlerMapping  : Mapped URL path [/webjars/**] onto handler of type [class org.springframework.web.servlet.resource.ResourceHttpRequestHandler]
2017-03-12 19:08:30.518  INFO 6873 --- [    Test worker] o.s.w.s.handler.SimpleUrlHandlerMapping  : Mapped URL path [/**] onto handler of type [class org.springframework.web.servlet.resource.ResourceHttpRequestHandler]
2017-03-12 19:08:30.518  INFO 6873 --- [    Test worker] o.s.w.s.handler.SimpleUrlHandlerMapping  : Mapped URL path [/all-modules.css] onto handler of type [class org.springframework.web.servlet.resource.ResourceHttpRequestHandler]
2017-03-12 19:08:30.518  INFO 6873 --- [    Test worker] o.s.w.s.handler.SimpleUrlHandlerMapping  : Mapped URL path [/all-modules.js] onto handler of type [class org.springframework.web.servlet.resource.ResourceHttpRequestHandler]
2017-03-12 19:08:30.525  INFO 6873 --- [    Test worker] o.s.w.s.handler.SimpleUrlHandlerMapping  : Mapped URL path [/**] onto handler of type [class org.springframework.web.servlet.resource.DefaultServletHttpRequestHandler]
2017-03-12 19:08:30.556  INFO 6873 --- [    Test worker] .m.m.a.ExceptionHandlerExceptionResolver : Detected ResponseBodyAdvice implementation in org.springframework.boot.actuate.autoconfigure.EndpointWebMvcHypermediaManagementContextConfiguration$ActuatorEndpointLinksAdvice
2017-03-12 19:08:30.630  INFO 6873 --- [    Test worker] o.s.w.s.handler.SimpleUrlHandlerMapping  : Mapped URL path [/**/favicon.ico] onto handler of type [class org.springframework.web.servlet.resource.ResourceHttpRequestHandler]
2017-03-12 19:08:32.261  INFO 6873 --- [    Test worker] liquibase                                : Successfully acquired change log lock
2017-03-12 19:08:33.427  INFO 6873 --- [    Test worker] liquibase                                : Creating database history table with name: PUBLIC.DATABASECHANGELOG
2017-03-12 19:08:33.435  INFO 6873 --- [    Test worker] liquibase                                : Reading from PUBLIC.DATABASECHANGELOG
2017-03-12 19:08:33.572  INFO 6873 --- [    Test worker] liquibase                                : classpath:/scripts/db/changelog/db.changelog-master.xml: classpath:/scripts/db/changelog/db.changelog-master.xml::1::winie: Table kb_user_profile created
2017-03-12 19:08:33.573  INFO 6873 --- [    Test worker] liquibase                                : classpath:/scripts/db/changelog/db.changelog-master.xml: classpath:/scripts/db/changelog/db.changelog-master.xml::1::winie: ChangeSet classpath:/scripts/db/changelog/db.changelog-master.xml::1::winie ran successfully in 38ms
2017-03-12 19:08:33.609  INFO 6873 --- [    Test worker] liquibase                                : classpath:/scripts/db/changelog/db.changelog-master.xml: classpath:/scripts/db/changelog/db.changelog-master.xml::2::winie: Table kb_user_registration created
2017-03-12 19:08:33.610  INFO 6873 --- [    Test worker] liquibase                                : classpath:/scripts/db/changelog/db.changelog-master.xml: classpath:/scripts/db/changelog/db.changelog-master.xml::2::winie: ChangeSet classpath:/scripts/db/changelog/db.changelog-master.xml::2::winie ran successfully in 24ms
2017-03-12 19:08:33.638  INFO 6873 --- [    Test worker] liquibase                                : classpath:/scripts/db/changelog/db.changelog-master.xml: classpath:/scripts/db/changelog/db.changelog-master.xml::3::winie: Table kb_board created
2017-03-12 19:08:33.640  INFO 6873 --- [    Test worker] liquibase                                : classpath:/scripts/db/changelog/db.changelog-master.xml: classpath:/scripts/db/changelog/db.changelog-master.xml::3::winie: ChangeSet classpath:/scripts/db/changelog/db.changelog-master.xml::3::winie ran successfully in 25ms
2017-03-12 19:08:33.667  INFO 6873 --- [    Test worker] liquibase                                : classpath:/scripts/db/changelog/db.changelog-master.xml: classpath:/scripts/db/changelog/db.changelog-master.xml::4::winie: Table kb_procedure created
2017-03-12 19:08:33.668  INFO 6873 --- [    Test worker] liquibase                                : classpath:/scripts/db/changelog/db.changelog-master.xml: classpath:/scripts/db/changelog/db.changelog-master.xml::4::winie: ChangeSet classpath:/scripts/db/changelog/db.changelog-master.xml::4::winie ran successfully in 23ms
2017-03-12 19:08:33.695  INFO 6873 --- [    Test worker] liquibase                                : classpath:/scripts/db/changelog/db.changelog-master.xml: classpath:/scripts/db/changelog/db.changelog-master.xml::5::winie: Table kb_card created
2017-03-12 19:08:33.696  INFO 6873 --- [    Test worker] liquibase                                : classpath:/scripts/db/changelog/db.changelog-master.xml: classpath:/scripts/db/changelog/db.changelog-master.xml::5::winie: ChangeSet classpath:/scripts/db/changelog/db.changelog-master.xml::5::winie ran successfully in 22ms
2017-03-12 19:08:33.720  INFO 6873 --- [    Test worker] liquibase                                : classpath:/scripts/db/changelog/db.changelog-master.xml: classpath:/scripts/db/changelog/db.changelog-master.xml::6::winie: Table kb_card_assignment created
2017-03-12 19:08:33.721  INFO 6873 --- [    Test worker] liquibase                                : classpath:/scripts/db/changelog/db.changelog-master.xml: classpath:/scripts/db/changelog/db.changelog-master.xml::6::winie: ChangeSet classpath:/scripts/db/changelog/db.changelog-master.xml::6::winie ran successfully in 21ms
2017-03-12 19:08:33.753  INFO 6873 --- [    Test worker] liquibase                                : classpath:/scripts/db/changelog/db.changelog-master.xml: classpath:/scripts/db/changelog/db.changelog-master.xml::7::winie: Table kb_project created
2017-03-12 19:08:33.754  INFO 6873 --- [    Test worker] liquibase                                : classpath:/scripts/db/changelog/db.changelog-master.xml: classpath:/scripts/db/changelog/db.changelog-master.xml::7::winie: ChangeSet classpath:/scripts/db/changelog/db.changelog-master.xml::7::winie ran successfully in 29ms
2017-03-12 19:08:33.777  INFO 6873 --- [    Test worker] liquibase                                : classpath:/scripts/db/changelog/db.changelog-master.xml: classpath:/scripts/db/changelog/db.changelog-master.xml::8::winie: Table kb_project_members created
2017-03-12 19:08:33.777  INFO 6873 --- [    Test worker] liquibase                                : classpath:/scripts/db/changelog/db.changelog-master.xml: classpath:/scripts/db/changelog/db.changelog-master.xml::8::winie: ChangeSet classpath:/scripts/db/changelog/db.changelog-master.xml::8::winie ran successfully in 19ms
2017-03-12 19:08:33.801  INFO 6873 --- [    Test worker] liquibase                                : classpath:/scripts/db/changelog/db.changelog-master.xml: classpath:/scripts/db/changelog/db.changelog-master.xml::9::winie: Table kb_password_retrieval created
2017-03-12 19:08:33.802  INFO 6873 --- [    Test worker] liquibase                                : classpath:/scripts/db/changelog/db.changelog-master.xml: classpath:/scripts/db/changelog/db.changelog-master.xml::9::winie: ChangeSet classpath:/scripts/db/changelog/db.changelog-master.xml::9::winie ran successfully in 19ms
2017-03-12 19:08:33.825  INFO 6873 --- [    Test worker] liquibase                                : classpath:/scripts/db/changelog/db.changelog-master.xml: classpath:/scripts/db/changelog/db.changelog-master.xml::10::winie: Table kb_password_reset created
2017-03-12 19:08:33.826  INFO 6873 --- [    Test worker] liquibase                                : classpath:/scripts/db/changelog/db.changelog-master.xml: classpath:/scripts/db/changelog/db.changelog-master.xml::10::winie: ChangeSet classpath:/scripts/db/changelog/db.changelog-master.xml::10::winie ran successfully in 20ms
2017-03-12 19:08:33.847  INFO 6873 --- [    Test worker] liquibase                                : classpath:/scripts/db/changelog/db.changelog-master.xml: classpath:/scripts/db/changelog/db.changelog-master.xml::11::winie: Table kb_project_member_invitation created
2017-03-12 19:08:33.848  INFO 6873 --- [    Test worker] liquibase                                : classpath:/scripts/db/changelog/db.changelog-master.xml: classpath:/scripts/db/changelog/db.changelog-master.xml::11::winie: ChangeSet classpath:/scripts/db/changelog/db.changelog-master.xml::11::winie ran successfully in 19ms
2017-03-12 19:08:33.869  INFO 6873 --- [    Test worker] liquibase                                : classpath:/scripts/db/changelog/db.changelog-master.xml: classpath:/scripts/db/changelog/db.changelog-master.xml::12::winie: Table kb_notification created
2017-03-12 19:08:33.870  INFO 6873 --- [    Test worker] liquibase                                : classpath:/scripts/db/changelog/db.changelog-master.xml: classpath:/scripts/db/changelog/db.changelog-master.xml::12::winie: ChangeSet classpath:/scripts/db/changelog/db.changelog-master.xml::12::winie ran successfully in 19ms
2017-03-12 19:08:33.893  INFO 6873 --- [    Test worker] liquibase                                : classpath:/scripts/db/changelog/db.changelog-master.xml: classpath:/scripts/db/changelog/db.changelog-master.xml::13::winie: Table kb_acceptance_criterias created
2017-03-12 19:08:33.894  INFO 6873 --- [    Test worker] liquibase                                : classpath:/scripts/db/changelog/db.changelog-master.xml: classpath:/scripts/db/changelog/db.changelog-master.xml::13::winie: ChangeSet classpath:/scripts/db/changelog/db.changelog-master.xml::13::winie ran successfully in 20ms
2017-03-12 19:08:33.917  INFO 6873 --- [    Test worker] liquibase                                : classpath:/scripts/db/changelog/db.changelog-master.xml: classpath:/scripts/db/changelog/db.changelog-master.xml::14::winie: Table kb_comment created
2017-03-12 19:08:33.918  INFO 6873 --- [    Test worker] liquibase                                : classpath:/scripts/db/changelog/db.changelog-master.xml: classpath:/scripts/db/changelog/db.changelog-master.xml::14::winie: ChangeSet classpath:/scripts/db/changelog/db.changelog-master.xml::14::winie ran successfully in 20ms
2017-03-12 19:08:33.940  INFO 6873 --- [    Test worker] liquibase                                : classpath:/scripts/db/changelog/db.changelog-master.xml: classpath:/scripts/db/changelog/db.changelog-master.xml::15::winie: Table kb_tag created
2017-03-12 19:08:33.941  INFO 6873 --- [    Test worker] liquibase                                : classpath:/scripts/db/changelog/db.changelog-master.xml: classpath:/scripts/db/changelog/db.changelog-master.xml::15::winie: ChangeSet classpath:/scripts/db/changelog/db.changelog-master.xml::15::winie ran successfully in 20ms
2017-03-12 19:08:33.962  INFO 6873 --- [    Test worker] liquibase                                : classpath:/scripts/db/changelog/db.changelog-master.xml: classpath:/scripts/db/changelog/db.changelog-master.xml::16::winie: Table kb_cards_tags created
2017-03-12 19:08:33.963  INFO 6873 --- [    Test worker] liquibase                                : classpath:/scripts/db/changelog/db.changelog-master.xml: classpath:/scripts/db/changelog/db.changelog-master.xml::16::winie: ChangeSet classpath:/scripts/db/changelog/db.changelog-master.xml::16::winie ran successfully in 19ms
2017-03-12 19:08:33.985  INFO 6873 --- [    Test worker] liquibase                                : classpath:/scripts/db/changelog/db.changelog-master.xml: classpath:/scripts/db/changelog/db.changelog-master.xml::17::winie: Table kb_activity created
2017-03-12 19:08:33.986  INFO 6873 --- [    Test worker] liquibase                                : classpath:/scripts/db/changelog/db.changelog-master.xml: classpath:/scripts/db/changelog/db.changelog-master.xml::17::winie: ChangeSet classpath:/scripts/db/changelog/db.changelog-master.xml::17::winie ran successfully in 19ms
2017-03-12 19:08:34.009  INFO 6873 --- [    Test worker] liquibase                                : classpath:/scripts/db/changelog/db.changelog-master.xml: classpath:/scripts/db/changelog/db.changelog-master.xml::18::winie: Table kb_sprint created
2017-03-12 19:08:34.009  INFO 6873 --- [    Test worker] liquibase                                : classpath:/scripts/db/changelog/db.changelog-master.xml: classpath:/scripts/db/changelog/db.changelog-master.xml::18::winie: ChangeSet classpath:/scripts/db/changelog/db.changelog-master.xml::18::winie ran successfully in 19ms
2017-03-12 19:08:34.018  INFO 6873 --- [    Test worker] liquibase                                : classpath:/scripts/db/changelog/db.changelog-master.xml: classpath:/scripts/db/changelog/db.changelog-master.xml::19::winie: Columns wip_num(int) added to kb_procedure
2017-03-12 19:08:34.019  INFO 6873 --- [    Test worker] liquibase                                : classpath:/scripts/db/changelog/db.changelog-master.xml: classpath:/scripts/db/changelog/db.changelog-master.xml::19::winie: ChangeSet classpath:/scripts/db/changelog/db.changelog-master.xml::19::winie ran successfully in 6ms
2017-03-12 19:08:34.043  INFO 6873 --- [    Test worker] liquibase                                : classpath:/scripts/db/changelog/db.changelog-master.xml: classpath:/scripts/db/changelog/db.changelog-master.xml::20::winie: Table kb_page created
2017-03-12 19:08:34.044  INFO 6873 --- [    Test worker] liquibase                                : classpath:/scripts/db/changelog/db.changelog-master.xml: classpath:/scripts/db/changelog/db.changelog-master.xml::20::winie: ChangeSet classpath:/scripts/db/changelog/db.changelog-master.xml::20::winie ran successfully in 20ms
2017-03-12 19:08:34.076  INFO 6873 --- [    Test worker] liquibase                                : classpath:/scripts/db/changelog/db.changelog-master.xml: classpath:/scripts/db/changelog/db.changelog-master.xml::21::skytao: Default value added to kb_acceptance_criterias.sort_number
2017-03-12 19:08:34.077  INFO 6873 --- [    Test worker] liquibase                                : classpath:/scripts/db/changelog/db.changelog-master.xml: classpath:/scripts/db/changelog/db.changelog-master.xml::21::skytao: ChangeSet classpath:/scripts/db/changelog/db.changelog-master.xml::21::skytao ran successfully in 21ms
2017-03-12 19:08:34.082  INFO 6873 --- [    Test worker] liquibase                                : classpath:/scripts/db/changelog/db.changelog-master.xml: classpath:/scripts/db/changelog/db.changelog-master.xml::22::skytao: Columns competedTime(DATETIME) added to kb_sprint
2017-03-12 19:08:34.083  INFO 6873 --- [    Test worker] liquibase                                : classpath:/scripts/db/changelog/db.changelog-master.xml: classpath:/scripts/db/changelog/db.changelog-master.xml::22::skytao: ChangeSet classpath:/scripts/db/changelog/db.changelog-master.xml::22::skytao ran successfully in 3ms
2017-03-12 19:08:34.088  INFO 6873 --- [    Test worker] liquibase                                : classpath:/scripts/db/changelog/db.changelog-master.xml: classpath:/scripts/db/changelog/db.changelog-master.xml::23::skytao: Columns sprint_name(varchar(40)) added to kb_sprint
2017-03-12 19:08:34.089  INFO 6873 --- [    Test worker] liquibase                                : classpath:/scripts/db/changelog/db.changelog-master.xml: classpath:/scripts/db/changelog/db.changelog-master.xml::23::skytao: ChangeSet classpath:/scripts/db/changelog/db.changelog-master.xml::23::skytao ran successfully in 3ms
2017-03-12 19:08:34.094  INFO 6873 --- [    Test worker] liquibase                                : classpath:/scripts/db/changelog/db.changelog-master.xml: classpath:/scripts/db/changelog/db.changelog-master.xml::24::skytao: Columns archive_id(varchar(40)) added to kb_sprint
2017-03-12 19:08:34.095  INFO 6873 --- [    Test worker] liquibase                                : classpath:/scripts/db/changelog/db.changelog-master.xml: classpath:/scripts/db/changelog/db.changelog-master.xml::24::skytao: ChangeSet classpath:/scripts/db/changelog/db.changelog-master.xml::24::skytao ran successfully in 3ms
2017-03-12 19:08:34.102  INFO 6873 --- [    Test worker] liquibase                                : classpath:/scripts/db/changelog/db.changelog-master.xml: classpath:/scripts/db/changelog/db.changelog-master.xml::25::skytao: Columns title(varchar(40)) added to kb_page
2017-03-12 19:08:34.103  INFO 6873 --- [    Test worker] liquibase                                : classpath:/scripts/db/changelog/db.changelog-master.xml: classpath:/scripts/db/changelog/db.changelog-master.xml::25::skytao: ChangeSet classpath:/scripts/db/changelog/db.changelog-master.xml::25::skytao ran successfully in 5ms
2017-03-12 19:08:34.108  INFO 6873 --- [    Test worker] liquibase                                : classpath:/scripts/db/changelog/db.changelog-master.xml: classpath:/scripts/db/changelog/db.changelog-master.xml::26::skytao: Column kb_page.summary dropped
2017-03-12 19:08:34.109  INFO 6873 --- [    Test worker] liquibase                                : classpath:/scripts/db/changelog/db.changelog-master.xml: classpath:/scripts/db/changelog/db.changelog-master.xml::26::skytao: ChangeSet classpath:/scripts/db/changelog/db.changelog-master.xml::26::skytao ran successfully in 3ms
2017-03-12 19:08:34.113  INFO 6873 --- [    Test worker] liquibase                                : classpath:/scripts/db/changelog/db.changelog-master.xml: classpath:/scripts/db/changelog/db.changelog-master.xml::27::skytao: Columns deadline(DATETIME) added to kb_card
[...]
2017-03-12 19:08:34.393  INFO 6873 --- [    Test worker] liquibase                                : classpath:/scripts/db/changelog/db.changelog-master.xml: classpath:/scripts/db/changelog/db.changelog-master.xml::56::skytao: Columns title(varchar(200)) added to kb_notification
2017-03-12 19:08:34.393  INFO 6873 --- [    Test worker] liquibase                                : classpath:/scripts/db/changelog/db.changelog-master.xml: classpath:/scripts/db/changelog/db.changelog-master.xml::56::skytao: ChangeSet classpath:/scripts/db/changelog/db.changelog-master.xml::56::skytao ran successfully in 2ms
2017-03-12 19:08:34.409  INFO 6873 --- [    Test worker] liquibase                                : classpath:/scripts/db/changelog/db.changelog-master.xml: classpath:/scripts/db/changelog/db.changelog-master.xml::57::skytao: Table kb_verification created
2017-03-12 19:08:34.410  INFO 6873 --- [    Test worker] liquibase                                : classpath:/scripts/db/changelog/db.changelog-master.xml: classpath:/scripts/db/changelog/db.changelog-master.xml::57::skytao: ChangeSet classpath:/scripts/db/changelog/db.changelog-master.xml::57::skytao ran successfully in 15ms
2017-03-12 19:08:34.426  INFO 6873 --- [    Test worker] liquibase                                : classpath:/scripts/db/changelog/db.changelog-master.xml: classpath:/scripts/db/changelog/db.changelog-master.xml::58::cain: Table kb_risk created
2017-03-12 19:08:34.426  INFO 6873 --- [    Test worker] liquibase                                : classpath:/scripts/db/changelog/db.changelog-master.xml: classpath:/scripts/db/changelog/db.changelog-master.xml::58::cain: ChangeSet classpath:/scripts/db/changelog/db.changelog-master.xml::58::cain ran successfully in 13ms
2017-03-12 19:08:34.430  INFO 6873 --- [    Test worker] liquibase                                : Successfully released change log lock
2017-03-12 19:08:35.087  INFO 6873 --- [    Test worker] o.s.b.a.e.mvc.EndpointHandlerMapping     : Mapped "{[/jolokia/**]}" onto public org.springframework.web.servlet.ModelAndView org.springframework.boot.actuate.endpoint.mvc.JolokiaMvcEndpoint.handle(javax.servlet.http.HttpServletRequest,javax.servlet.http.HttpServletResponse) throws java.lang.Exception
2017-03-12 19:08:35.090  INFO 6873 --- [    Test worker] o.s.b.a.e.mvc.EndpointHandlerMapping     : Mapped "{[/beans || /beans.json],methods=[GET],produces=[application/json]}" onto public java.lang.Object org.springframework.boot.actuate.endpoint.mvc.EndpointMvcAdapter.invoke()
2017-03-12 19:08:35.091  INFO 6873 --- [    Test worker] o.s.b.a.e.mvc.EndpointHandlerMapping     : Mapped "{[/info || /info.json],methods=[GET],produces=[application/json]}" onto public java.lang.Object org.springframework.boot.actuate.endpoint.mvc.EndpointMvcAdapter.invoke()
2017-03-12 19:08:35.092  INFO 6873 --- [    Test worker] o.s.b.a.e.mvc.EndpointHandlerMapping     : Mapped "{[/heapdump || /heapdump.json],methods=[GET],produces=[application/octet-stream]}" onto public void org.springframework.boot.actuate.endpoint.mvc.HeapdumpMvcEndpoint.invoke(boolean,javax.servlet.http.HttpServletRequest,javax.servlet.http.HttpServletResponse) throws java.io.IOException,javax.servlet.ServletException
2017-03-12 19:08:35.094  INFO 6873 --- [    Test worker] o.s.b.a.e.mvc.EndpointHandlerMapping     : Mapped "{[/metrics/{name:.*}],methods=[GET],produces=[application/json]}" onto public java.lang.Object org.springframework.boot.actuate.endpoint.mvc.MetricsMvcEndpoint.value(java.lang.String)
2017-03-12 19:08:35.094  INFO 6873 --- [    Test worker] o.s.b.a.e.mvc.EndpointHandlerMapping     : Mapped "{[/metrics || /metrics.json],methods=[GET],produces=[application/json]}" onto public java.lang.Object org.springframework.boot.actuate.endpoint.mvc.EndpointMvcAdapter.invoke()
2017-03-12 19:08:35.096  INFO 6873 --- [    Test worker] o.s.b.a.e.mvc.EndpointHandlerMapping     : Mapped "{[/autoconfig || /autoconfig.json],methods=[GET],produces=[application/json]}" onto public java.lang.Object org.springframework.boot.actuate.endpoint.mvc.EndpointMvcAdapter.invoke()
2017-03-12 19:08:35.097  INFO 6873 --- [    Test worker] o.s.b.a.e.mvc.EndpointHandlerMapping     : Mapped "{[/actuator || /actuator.json],produces=[application/json]}" onto public org.springframework.hateoas.ResourceSupport org.springframework.boot.actuate.endpoint.mvc.HalJsonMvcEndpoint.links()
2017-03-12 19:08:35.099  INFO 6873 --- [    Test worker] o.s.b.a.e.mvc.EndpointHandlerMapping     : Mapped "{[/env/{name:.*}],methods=[GET],produces=[application/json]}" onto public java.lang.Object org.springframework.boot.actuate.endpoint.mvc.EnvironmentMvcEndpoint.value(java.lang.String)
2017-03-12 19:08:35.099  INFO 6873 --- [    Test worker] o.s.b.a.e.mvc.EndpointHandlerMapping     : Mapped "{[/env || /env.json],methods=[GET],produces=[application/json]}" onto public java.lang.Object org.springframework.boot.actuate.endpoint.mvc.EndpointMvcAdapter.invoke()
2017-03-12 19:08:35.100  INFO 6873 --- [    Test worker] o.s.b.a.e.mvc.EndpointHandlerMapping     : Mapped "{[/archaius || /archaius.json],methods=[GET],produces=[application/json]}" onto public java.lang.Object org.springframework.boot.actuate.endpoint.mvc.EndpointMvcAdapter.invoke()
2017-03-12 19:08:35.103  INFO 6873 --- [    Test worker] o.s.b.a.e.mvc.EndpointHandlerMapping     : Mapped "{[/trace || /trace.json],methods=[GET],produces=[application/json]}" onto public java.lang.Object org.springframework.boot.actuate.endpoint.mvc.EndpointMvcAdapter.invoke()
2017-03-12 19:08:35.105  INFO 6873 --- [    Test worker] o.s.b.a.e.mvc.EndpointHandlerMapping     : Mapped "{[/liquibase || /liquibase.json],methods=[GET],produces=[application/json]}" onto public java.lang.Object org.springframework.boot.actuate.endpoint.mvc.EndpointMvcAdapter.invoke()
2017-03-12 19:08:35.106  INFO 6873 --- [    Test worker] o.s.b.a.e.mvc.EndpointHandlerMapping     : Mapped "{[/configprops || /configprops.json],methods=[GET],produces=[application/json]}" onto public java.lang.Object org.springframework.boot.actuate.endpoint.mvc.EndpointMvcAdapter.invoke()
2017-03-12 19:08:35.107  INFO 6873 --- [    Test worker] o.s.b.a.e.mvc.EndpointHandlerMapping     : Mapped "{[/mappings || /mappings.json],methods=[GET],produces=[application/json]}" onto public java.lang.Object org.springframework.boot.actuate.endpoint.mvc.EndpointMvcAdapter.invoke()
2017-03-12 19:08:35.108  INFO 6873 --- [    Test worker] o.s.b.a.e.mvc.EndpointHandlerMapping     : Mapped "{[/health || /health.json],produces=[application/json]}" onto public java.lang.Object org.springframework.boot.actuate.endpoint.mvc.HealthMvcEndpoint.invoke(java.security.Principal)
2017-03-12 19:08:35.109  INFO 6873 --- [    Test worker] o.s.b.a.e.mvc.EndpointHandlerMapping     : Mapped "{[/routes || /routes.json],methods=[GET]}" onto public java.util.Map<java.lang.String, java.lang.String> org.springframework.cloud.netflix.zuul.RoutesEndpoint.getRoutes()
2017-03-12 19:08:35.109  INFO 6873 --- [    Test worker] o.s.b.a.e.mvc.EndpointHandlerMapping     : Mapped "{[/routes || /routes.json],methods=[POST]}" onto public java.util.Map<java.lang.String, java.lang.String> org.springframework.cloud.netflix.zuul.RoutesEndpoint.reset()
2017-03-12 19:08:35.110  INFO 6873 --- [    Test worker] o.s.b.a.e.mvc.EndpointHandlerMapping     : Mapped "{[/dump || /dump.json],methods=[GET],produces=[application/json]}" onto public java.lang.Object org.springframework.boot.actuate.endpoint.mvc.EndpointMvcAdapter.invoke()
2017-03-12 19:08:35.763  INFO 6873 --- [    Test worker] o.s.ui.freemarker.SpringTemplateLoader   : SpringTemplateLoader for FreeMarker: using resource loader [org.springframework.boot.context.embedded.AnnotationConfigEmbeddedWebApplicationContext@7318809a: startup date [Sun Mar 12 19:08:16 CST 2017]; root of context hierarchy] and template loader path [classpath:/templates/]
2017-03-12 19:08:35.765  INFO 6873 --- [    Test worker] o.s.w.s.v.f.FreeMarkerConfigurer         : ClassTemplateLoader for Spring macros added to FreeMarker configuration
2017-03-12 19:08:36.388  WARN 6873 --- [    Test worker] arterDeprecationWarningAutoConfiguration : spring-boot-starter-redis is deprecated as of Spring Boot 1.4, please migrate to spring-boot-starter-data-redis
2017-03-12 19:08:36.423  WARN 6873 --- [    Test worker] o.s.c.n.a.ArchaiusAutoConfiguration      : No spring.application.name found, defaulting to 'application'
2017-03-12 19:08:36.424  WARN 6873 --- [    Test worker] c.n.c.sources.URLConfigurationSource     : No URLs will be polled as dynamic configuration sources.
2017-03-12 19:08:36.424  INFO 6873 --- [    Test worker] c.n.c.sources.URLConfigurationSource     : To enable URLs as dynamic configuration sources, define System property archaius.configurationSource.additionalUrls or make config.properties available on classpath.
2017-03-12 19:08:36.529  INFO 6873 --- [    Test worker] d.c.boot.admin.web.PrefixHandlerMapping  : Mapped "{[/api/applications/{id}],methods=[DELETE]}" onto public org.springframework.http.ResponseEntity<?> de.codecentric.boot.admin.registry.web.RegistryController.unregister(java.lang.String)
2017-03-12 19:08:36.529  INFO 6873 --- [    Test worker] d.c.boot.admin.web.PrefixHandlerMapping  : Mapped "{[/api/applications],methods=[GET]}" onto public java.util.Collection<de.codecentric.boot.admin.model.Application> de.codecentric.boot.admin.registry.web.RegistryController.applications(java.lang.String)
2017-03-12 19:08:36.529  INFO 6873 --- [    Test worker] d.c.boot.admin.web.PrefixHandlerMapping  : Mapped "{[/api/applications/{id}],methods=[GET]}" onto public org.springframework.http.ResponseEntity<?> de.codecentric.boot.admin.registry.web.RegistryController.get(java.lang.String)
2017-03-12 19:08:36.530  INFO 6873 --- [    Test worker] d.c.boot.admin.web.PrefixHandlerMapping  : Mapped "{[/api/applications],methods=[POST]}" onto public org.springframework.http.ResponseEntity<de.codecentric.boot.admin.model.Application> de.codecentric.boot.admin.registry.web.RegistryController.register(de.codecentric.boot.admin.model.Application)
2017-03-12 19:08:36.530  INFO 6873 --- [    Test worker] d.c.boot.admin.web.PrefixHandlerMapping  : Mapped "{[/api/journal],produces=[application/json]}" onto public java.util.Collection<de.codecentric.boot.admin.event.ClientApplicationEvent> de.codecentric.boot.admin.journal.web.JournalController.getJournal()
2017-03-12 19:08:36.531  INFO 6873 --- [    Test worker] d.c.boot.admin.web.PrefixHandlerMapping  : Mapped "{[/api/journal],produces=[text/event-stream]}" onto public org.springframework.web.servlet.mvc.method.annotation.SseEmitter de.codecentric.boot.admin.journal.web.JournalController.getJournalEvents()
2017-03-12 19:08:37.013  INFO 6873 --- [    Test worker] s.a.ScheduledAnnotationBeanPostProcessor : No TaskScheduler/ScheduledExecutorService bean found for scheduled processing
2017-03-12 19:08:37.139  INFO 6873 --- [    Test worker] s.b.c.e.t.TomcatEmbeddedServletContainer : Tomcat started on port(s): 9120 (http)
19:08:37.154 [Test worker] INFO  o.t.k.c.CardTagsControllerTest - Started CardTagsControllerTest in 25.684 seconds (JVM running for 29.027)
2017-03-12 19:08:37.154  INFO 6873 --- [    Test worker] o.t.k.cardTags.CardTagsControllerTest    : Started CardTagsControllerTest in 25.684 seconds (JVM running for 29.027)
2017-03-12 19:08:39.139  INFO 6873 --- [nio-9120-exec-1] o.a.c.c.C.[.[localhost].[/kanban]        : Initializing Spring FrameworkServlet 'dispatcherServlet'
2017-03-12 19:08:39.140  INFO 6873 --- [nio-9120-exec-1] o.s.web.servlet.DispatcherServlet        : FrameworkServlet 'dispatcherServlet': initialization started
2017-03-12 19:08:39.184  INFO 6873 --- [nio-9120-exec-1] o.s.web.servlet.DispatcherServlet        : FrameworkServlet 'dispatcherServlet': initialization completed in 43 ms
2017-03-12 19:08:39.224  WARN 6873 --- [nio-9120-exec-1] o.s.c.n.zuul.web.ZuulHandlerMapping      : No routes found from RouteLocator
19:08:39.256 [http-nio-9120-exec-1] INFO  o.t.k.f.logback.SessionInterceptor - init session:3ecea5ed-0714-11e7-80b3-0014781bc25c
2017-03-12 19:08:39.256  INFO 6873 --- [nio-9120-exec-1] o.t.k.f.logback.SessionInterceptor       : init session:3ecea5ed-0714-11e7-80b3-0014781bc25c
19:08:39.261 [http-nio-9120-exec-1] INFO  o.t.k.f.s.i.f.SecurityInterceptor - identification start.userName:someone,uri:/kanban/boards/boardId-foo/stages/stages-fooId/cards/card-fooId/tags
2017-03-12 19:08:39.261  INFO 6873 --- [nio-9120-exec-1] o.t.k.f.s.i.filter.SecurityInterceptor   : identification start.userName:someone,uri:/kanban/boards/boardId-foo/stages/stages-fooId/cards/card-fooId/tags
19:08:39.266 [http-nio-9120-exec-1] INFO  o.t.k.f.s.a.AuthenticationInterceptor - authentication start.currentURL:/kanban/boards/boardId-foo/stages/stages-fooId/cards/card-fooId/tags
2017-03-12 19:08:39.266  INFO 6873 --- [nio-9120-exec-1] o.t.k.f.s.a.AuthenticationInterceptor    : authentication start.currentURL:/kanban/boards/boardId-foo/stages/stages-fooId/cards/card-fooId/tags
19:08:39.472 [http-nio-9120-exec-1] INFO  o.t.kanban.cardTags.CardTagsService - Stick tags to card.tags:[{"tagId":"foo-tagId1"}],cardId:card-fooId,boardId:boardId-foo
2017-03-12 19:08:39.472  INFO 6873 --- [nio-9120-exec-1] o.thiki.kanban.cardTags.CardTagsService  : Stick tags to card.tags:[{"tagId":"foo-tagId1"}],cardId:card-fooId,boardId:boardId-foo
19:08:39.750 [http-nio-9120-exec-1] INFO  o.t.kanban.cardTags.CardTagsService - Stick tags:[{"color":"tag-color","id":"fooId","name":"tag-name","tagId":"foo-tagId1"}]
2017-03-12 19:08:39.750  INFO 6873 --- [nio-9120-exec-1] o.thiki.kanban.cardTags.CardTagsService  : Stick tags:[{"color":"tag-color","id":"fooId","name":"tag-name","tagId":"foo-tagId1"}]
19:08:39.753 [http-nio-9120-exec-1] INFO  o.t.kanban.activity.ActivityService - Recording operation:{"cardId":"card-fooId","detail":"[{\"color\":\"tag-color\",\"id\":\"fooId\",\"name\":\"tag-name\",\"tagId\":\"foo-tagId1\"}]","operationTypeCode":"007","operationTypeName":"更新标签","summary":"[{\"color\":\"tag-color\",\"id\":\"fooId\",\"name\":\"tag-name\",\"tagId\":\"foo-tagId1\"}]","userName":"someone"}
2017-03-12 19:08:39.753  INFO 6873 --- [nio-9120-exec-1] o.thiki.kanban.activity.ActivityService  : Recording operation:{"cardId":"card-fooId","detail":"[{\"color\":\"tag-color\",\"id\":\"fooId\",\"name\":\"tag-name\",\"tagId\":\"foo-tagId1\"}]","operationTypeCode":"007","operationTypeName":"更新标签","summary":"[{\"color\":\"tag-color\",\"id\":\"fooId\",\"name\":\"tag-name\",\"tagId\":\"foo-tagId1\"}]","userName":"someone"}
19:08:39.791 [http-nio-9120-exec-1] INFO  o.t.kanban.cardTags.CardTagsResource - build cards tag resource.board:boardId-foo,stageId:stages-fooId,userName:someone
2017-03-12 19:08:39.791  INFO 6873 --- [nio-9120-exec-1] o.t.kanban.cardTags.CardTagsResource     : build cards tag resource.board:boardId-foo,stageId:stages-fooId,userName:someone
19:08:39.793 [http-nio-9120-exec-1] INFO  o.t.kanban.cardTags.CardTagResource - build card tag resource.board:boardId-foo,stageId:stages-fooId,userName:someone
2017-03-12 19:08:39.793  INFO 6873 --- [nio-9120-exec-1] o.thiki.kanban.cardTags.CardTagResource  : build card tag resource.board:boardId-foo,stageId:stages-fooId,userName:someone
19:08:39.848 [http-nio-9120-exec-1] INFO  o.t.kanban.cardTags.CardTagResource - card tag resource building completed.board:boardId-foo,stageId:stages-fooId,userName:someone
2017-03-12 19:08:39.848  INFO 6873 --- [nio-9120-exec-1] o.thiki.kanban.cardTags.CardTagResource  : card tag resource building completed.board:boardId-foo,stageId:stages-fooId,userName:someone
19:08:39.873 [http-nio-9120-exec-1] INFO  o.t.kanban.cardTags.CardTagsResource - cards tag resource building completed.board:boardId-foo,stageId:stages-fooId,userName:someone
2017-03-12 19:08:39.873  INFO 6873 --- [nio-9120-exec-1] o.t.kanban.cardTags.CardTagsResource     : cards tag resource building completed.board:boardId-foo,stageId:stages-fooId,userName:someone
19:08:40.009 [http-nio-9120-exec-1] INFO  o.t.k.f.logback.SessionInterceptor - remove sessionId.
2017-03-12 19:08:40.009  INFO 6873 --- [nio-9120-exec-1] o.t.k.f.logback.SessionInterceptor       : remove sessionId.
19:08:41.078 [http-nio-9120-exec-2] INFO  o.t.k.f.logback.SessionInterceptor - init session:3fe4a9cf-0714-11e7-80b3-0014781bc25c
2017-03-12 19:08:41.078  INFO 6873 --- [nio-9120-exec-2] o.t.k.f.logback.SessionInterceptor       : init session:3fe4a9cf-0714-11e7-80b3-0014781bc25c
19:08:41.080 [http-nio-9120-exec-2] INFO  o.t.k.f.s.i.f.SecurityInterceptor - identification start.userName:someone,uri:/kanban/boards/boardId-foo/stages/stages-fooId/cards/card-fooId/tags
2017-03-12 19:08:41.080  INFO 6873 --- [nio-9120-exec-2] o.t.k.f.s.i.filter.SecurityInterceptor   : identification start.userName:someone,uri:/kanban/boards/boardId-foo/stages/stages-fooId/cards/card-fooId/tags
19:08:41.082 [http-nio-9120-exec-2] INFO  o.t.k.f.s.a.AuthenticationInterceptor - authentication start.currentURL:/kanban/boards/boardId-foo/stages/stages-fooId/cards/card-fooId/tags
2017-03-12 19:08:41.082  INFO 6873 --- [nio-9120-exec-2] o.t.k.f.s.a.AuthenticationInterceptor    : authentication start.currentURL:/kanban/boards/boardId-foo/stages/stages-fooId/cards/card-fooId/tags
19:08:41.085 [http-nio-9120-exec-2] INFO  o.t.kanban.cardTags.CardTagsService - Loading card tags.cardId:card-fooId,boardId:boardId-foo,stageIdstages-fooId
2017-03-12 19:08:41.085  INFO 6873 --- [nio-9120-exec-2] o.thiki.kanban.cardTags.CardTagsService  : Loading card tags.cardId:card-fooId,boardId:boardId-foo,stageIdstages-fooId
19:08:41.088 [http-nio-9120-exec-2] INFO  o.t.kanban.cardTags.CardTagsService - Loaded card tags:[{"color":"tag-color","id":"fooId","name":"tag-name","tagId":"tagId-foo"}]
2017-03-12 19:08:41.088  INFO 6873 --- [nio-9120-exec-2] o.thiki.kanban.cardTags.CardTagsService  : Loaded card tags:[{"color":"tag-color","id":"fooId","name":"tag-name","tagId":"tagId-foo"}]
19:08:41.090 [http-nio-9120-exec-2] INFO  o.t.kanban.cardTags.CardTagsResource - build cards tag resource.board:boardId-foo,stageId:stages-fooId,userName:someone
2017-03-12 19:08:41.090  INFO 6873 --- [nio-9120-exec-2] o.t.kanban.cardTags.CardTagsResource     : build cards tag resource.board:boardId-foo,stageId:stages-fooId,userName:someone
19:08:41.091 [http-nio-9120-exec-2] INFO  o.t.kanban.cardTags.CardTagResource - build card tag resource.board:boardId-foo,stageId:stages-fooId,userName:someone
2017-03-12 19:08:41.091  INFO 6873 --- [nio-9120-exec-2] o.thiki.kanban.cardTags.CardTagResource  : build card tag resource.board:boardId-foo,stageId:stages-fooId,userName:someone
19:08:41.102 [http-nio-9120-exec-2] INFO  o.t.kanban.cardTags.CardTagResource - card tag resource building completed.board:boardId-foo,stageId:stages-fooId,userName:someone
2017-03-12 19:08:41.102  INFO 6873 --- [nio-9120-exec-2] o.thiki.kanban.cardTags.CardTagResource  : card tag resource building completed.board:boardId-foo,stageId:stages-fooId,userName:someone
19:08:41.108 [http-nio-9120-exec-2] INFO  o.t.kanban.cardTags.CardTagsResource - cards tag resource building completed.board:boardId-foo,stageId:stages-fooId,userName:someone
2017-03-12 19:08:41.108  INFO 6873 --- [nio-9120-exec-2] o.t.kanban.cardTags.CardTagsResource     : cards tag resource building completed.board:boardId-foo,stageId:stages-fooId,userName:someone
19:08:41.125 [http-nio-9120-exec-2] INFO  o.t.k.f.logback.SessionInterceptor - remove sessionId.
2017-03-12 19:08:41.125  INFO 6873 --- [nio-9120-exec-2] o.t.k.f.logback.SessionInterceptor       : remove sessionId.
]]></system-out>
  <system-err><![CDATA[]]></system-err>
</testsuite>
